parameters: mm.dat
task: mm.t
#t
 opt = 2
 osc = 1
#
#opt
 MG = 1.000000e-05
 K = 10000
 o1dpars.G = 1.000000e-07
 o1dpars.K = 500
 o1dpars.h = 3.000000e+00
 o1dpars.D = 5.000000e-01
 o1dpars.H = 1.000000e-03
#
molecule: C6H12.1.in

===geometry optimization===

Atomic Coordinates:
6	 1.42467068	-0.05352830	 0.33211935
1	 1.39608670	-0.03157975	 1.42643777
6	-1.42466854	 0.05352807	-0.33212670
6	 0.78818023	 1.21534734	-0.21108692
6	-0.68322168	 1.28423652	 0.16370618
1	-0.77556192	 1.34663497	 1.25293069
6	-0.78818317	-1.21534596	 0.21108773
1	-0.88369620	-1.22853332	 1.30174476
6	 0.68321916	-1.28423943	-0.16370197
1	-2.48381649	 0.10334776	-0.05018104
1	 1.32065886	 2.10082034	 0.15793027
1	 1.14020410	-2.19662497	 0.23939402
1	 2.48381456	-0.10334976	 0.05015956
1	-1.39607128	 0.03158353	-1.42644419
1	 0.88369562	 1.22854593	-1.30174386
1	-1.14020735	 2.19662594	-0.23938014
1	-1.32066339	-2.10082190	-0.15791949
1	 0.77556011	-1.34664702	-1.25292604
#

E  =  -2.753123619689173
mg =   0.009642672452706
k  =   0

  it:  1   g1:+3.201313e-02   h:+3.000000e+00   d:-1.067104e-02
  it:  2   g1:+3.124184e-02   h:+7.227872e-02   d:-4.322412e-01
  it:  3   g1:-7.056972e-04   h:+7.391136e-02   d:+9.547885e-03
  it:  4   g1:+1.235536e-05   h:+7.520540e-02   d:-1.642882e-04
Atomic Coordinates:
6	 1.41451742	-0.05294502	 0.34038960
1	 1.32708054	-0.02864444	 1.42854574
6	-1.41452306	 0.05294531	-0.34039246
6	 0.78363954	 1.20705155	-0.22015376
6	-0.67937477	 1.27593707	 0.17308900
1	-0.74422182	 1.28588820	 1.26305809
6	-0.78363735	-1.20704966	 0.22015756
1	-0.84736199	-1.17028823	 1.30961849
6	 0.67937516	-1.27593683	-0.17308930
1	-2.45692577	 0.10327455	 0.00551767
1	 1.30078458	 2.07619407	 0.21106663
1	 1.12254761	-2.16842796	 0.29153044
1	 2.45692493	-0.10327536	-0.00553598
1	-1.32706439	 0.02864587	-1.42855439
1	 0.84735927	 1.17029965	-1.30961646
1	-1.12255122	 2.16842836	-0.29151911
1	-1.30078923	-2.07619569	-0.21105845
1	 0.74422056	-1.28590143	-1.26305333
#

E  =  -2.760109641099444
mg =   0.012990983056244
k  =   1

  it:  1   g1:+2.309829e-02   h:+7.518397e-02   d:-3.072236e-01
  it:  2   g1:-8.865714e-02   h:+3.637593e-01   d:+2.437248e-01
  it:  3   g1:+7.823477e-05   h:+3.640803e-01   d:-2.148833e-04
  it:  4   g1:+2.660758e-07   h:+3.628420e-01   d:-7.333102e-07
Atomic Coordinates:
6	 1.40929623	-0.05286189	 0.33317557
1	 1.31863778	-0.02825617	 1.43035449
6	-1.40929468	 0.05286210	-0.33318264
6	 0.78014417	 1.20239021	-0.21342220
6	-0.67629533	 1.27074937	 0.16654296
1	-0.74053659	 1.27858030	 1.26583256
6	-0.78014533	-1.20238879	 0.21342411
1	-0.84307277	-1.16321535	 1.31212039
6	 0.67629437	-1.27075072	-0.16653988
1	-2.45276141	 0.10318036	 0.00977623
1	 1.29814764	 2.07252829	 0.21495218
1	 1.12023233	-2.16440741	 0.29526907
1	 2.45275710	-0.10318082	-0.00979270
1	-1.31862260	 0.02825711	-1.43036010
1	 0.84307042	 1.16322639	-1.31211777
1	-1.12023604	 2.16440884	-0.29525880
1	-1.29815100	-2.07252856	-0.21494355
1	 0.74053569	-1.27859324	-1.26582997
#

E  =  -2.760845700690402
mg =   0.003767754219515
k  =   2

  it:  1   g1:+1.163134e-02   h:+3.628431e-01   d:-3.205611e-02
  it:  2   g1:+3.805261e-03   h:+2.441368e-01   d:-1.558659e-02
  it:  3   g1:-2.447618e-05   h:+2.457072e-01   d:+9.961525e-05
Atomic Coordinates:
6	 1.40204636	-0.05255254	 0.33345865
1	 1.31490161	-0.02817452	 1.42639751
6	-1.40204366	 0.05255257	-0.33346459
6	 0.77633248	 1.19627338	-0.21431160
6	-0.67300925	 1.26437143	 0.16766839
1	-0.73844778	 1.27496562	 1.26233971
6	-0.77633559	-1.19627063	 0.21431326
1	-0.84069356	-1.15992318	 1.30849564
6	 0.67300676	-1.26437433	-0.16766549
1	-2.44830652	 0.10295904	 0.00797734
1	 1.29597053	 2.06882573	 0.21279059
1	 1.11836992	-2.16061946	 0.29296546
1	 2.44830375	-0.10295938	-0.00799379
1	-1.31488723	 0.02817514	-1.42640222
1	 0.84069152	 1.15993372	-1.30849396
1	-1.11837314	 2.16062099	-0.29295550
1	-1.29597313	-2.06882563	-0.21278209
1	 0.73844695	-1.27497795	-1.26233734
#

E  =  -2.761122784683271
mg =   0.003618677576292
k  =   3

  it:  1   g1:+8.136076e-03   h:+2.462295e-01   d:-3.304265e-02
  it:  2   g1:+4.332831e-04   h:+2.331167e-01   d:-1.858654e-03
Atomic Coordinates:
6	 1.40146264	-0.05252931	 0.33341048
1	 1.31177836	-0.02807694	 1.42463241
6	-1.40146234	 0.05252927	-0.33341538
6	 0.77601852	 1.19577911	-0.21431031
6	-0.67273701	 1.26385318	 0.16768698
1	-0.73685042	 1.27206763	 1.26095258
6	-0.77602080	-1.19577656	 0.21431235
1	-0.83886104	-1.15722373	 1.30700241
6	 0.67273441	-1.26385510	-0.16768491
1	-2.44270322	 0.10265761	 0.00449039
1	 1.29335585	 2.06421041	 0.20885402
1	 1.11614546	-2.15595403	 0.28885346
1	 2.44270262	-0.10265787	-0.00450701
1	-1.31176447	 0.02807732	-1.42463695
1	 0.83885897	 1.15723394	-1.30700131
1	-1.11614837	 2.15595488	-0.28884351
1	-1.29335857	-2.06421035	-0.20884599
1	 0.73684939	-1.27207948	-1.26094971
#

E  =  -2.761264773088722
mg =   0.001644160728761
k  =   4

  it:  1   g1:+4.550463e-03   h:+2.331677e-01   d:-1.951584e-02
  it:  2   g1:+3.881737e-03   h:+3.426581e-02   d:-1.132831e-01
  it:  3   g1:-5.779316e-05   h:+3.477598e-02   d:+1.661870e-03
  it:  4   g1:+7.074840e-07   h:+3.520169e-02   d:-2.009801e-05
Atomic Coordinates:
6	 1.39617601	-0.05218251	 0.33985674
1	 1.29528511	-0.02718939	 1.43499003
6	-1.39616289	 0.05218357	-0.33987191
6	 0.77387219	 1.19152237	-0.22116923
6	-0.67094162	 1.25970356	 0.17470564
1	-0.73031017	 1.25834088	 1.27314944
6	-0.77387123	-1.19152732	 0.22116684
1	-0.83117336	-1.14364102	 1.31868414
6	 0.67094557	-1.25970233	-0.17469570
1	-2.43935309	 0.10216709	-0.01398869
1	 1.29344701	 2.06200569	 0.19019183
1	 1.11638891	-2.15446854	 0.27011961
1	 2.43934031	-0.10216636	 0.01397883
1	-1.29527594	 0.02718823	-1.43499026
1	 0.83117123	 1.14364929	-1.31867922
1	-1.11639432	 2.15447147	-0.27011310
1	-1.29345126	-2.06200553	-0.19018598
1	 0.73030753	-1.25834916	-1.27314906
#

E  =  -2.761564627075450
mg =   0.002298004871791
k  =   5

  it:  1   g1:+3.856504e-03   h:+3.519547e-02   d:-1.095739e-01
  it:  2   g1:-2.842087e-03   h:+6.113310e-02   d:+4.649014e-02
  it:  3   g1:+8.255964e-07   h:+6.115086e-02   d:-1.350098e-05
Atomic Coordinates:
6	 1.39431520	-0.05204797	 0.34323256
1	 1.28595630	-0.02681029	 1.43425195
6	-1.39434518	 0.05204736	-0.34320350
6	 0.77322667	 1.19009156	-0.22465723
6	-0.67040806	 1.25832711	 0.17824489
1	-0.72597619	 1.25004753	 1.27351179
6	-0.77322006	-1.19007767	 0.22466947
1	-0.82615900	-1.13573141	 1.31872975
6	 0.67040867	-1.25833055	-0.17826453
1	-2.44234306	 0.10212870	-0.02261496
1	 1.29591219	 2.06483957	 0.18186870
1	 1.11860207	-2.15782659	 0.26192230
1	 2.44236452	-0.10212931	 0.02259544
1	-1.28594370	 0.02681044	-1.43427202
1	 0.82615577	 1.13573793	-1.31873593
1	-1.11860209	 2.15782339	-0.26191203
1	-1.29591750	-2.06484517	-0.18186745
1	 0.72597347	-1.25005464	-1.27349922
#

E  =  -2.761686306987708
mg =   0.004668273708097
k  =   6

  it:  1   g1:+3.669310e-03   h:+6.113843e-02   d:-6.001641e-02
  it:  2   g1:+1.820350e-03   h:+3.080756e-02   d:-5.908776e-02
  it:  3   g1:+1.068562e-06   h:+3.078948e-02   d:-3.470542e-05
Atomic Coordinates:
6	 1.39492065	-0.05207907	 0.34282131
1	 1.26730868	-0.02605108	 1.43302851
6	-1.39493541	 0.05207583	-0.34280907
6	 0.77350002	 1.19058440	-0.22420875
6	-0.67065386	 1.25883244	 0.17777733
1	-0.71733314	 1.23349108	 1.27445636
6	-0.77351085	-1.19057394	 0.22421523
1	-0.81615614	-1.11993368	 1.31906276
6	 0.67063853	-1.25883768	-0.17778625
1	-2.44738681	 0.10201959	-0.03954503
1	 1.30029788	 2.06968153	 0.16545077
1	 1.12253902	-2.16363123	 0.24570342
1	 2.44740968	-0.10201963	 0.03953103
1	-1.26730116	 0.02605118	-1.43303210
1	 0.81615656	 1.11993655	-1.31906994
1	-1.12253363	 2.16362478	-0.24569464
1	-1.30029380	-2.06967716	-0.16544728
1	 0.71733379	-1.23349391	-1.27445369
#

E  =  -2.761904842663083
mg =   0.000612670538152
k  =   7

  it:  1   g1:+1.665435e-03   h:+3.079613e-02   d:-5.407935e-02
  it:  2   g1:-3.190428e-02   h:+6.207493e-01   d:+5.139641e-02
  it:  3   g1:-7.525444e-06   h:+6.206028e-01   d:+1.212602e-05
Atomic Coordinates:
6	 1.39529998	-0.05208882	 0.34298293
1	 1.26710637	-0.02604706	 1.43282567
6	-1.39529645	 0.05208741	-0.34298870
6	 0.77372021	 1.19089777	-0.22434687
6	-0.67084514	 1.25918037	 0.17790404
1	-0.71722100	 1.23329669	 1.27427698
6	-0.77372860	-1.19089494	 0.22434694
1	-0.81602847	-1.11975658	 1.31888148
6	 0.67083645	-1.25918484	-0.17790026
1	-2.44720238	 0.10200805	-0.03975105
1	 1.30021609	 2.06952614	 0.16522704
1	 1.12246646	-2.16347106	 0.24546990
1	 2.44720709	-0.10200752	 0.03974239
1	-1.26710094	 0.02604637	-1.43282224
1	 0.81602869	 1.11975980	-1.31888219
1	-1.12246537	 2.16346956	-0.24546435
1	-1.30021385	-2.06952200	-0.16522316
1	 0.71722084	-1.23329935	-1.27427857
#

E  =  -2.761907066568311
mg =   0.000101313469606
k  =   8

  it:  1   g1:+2.747563e-04   h:+6.234067e-01   d:-4.407336e-04
  it:  2   g1:+1.447258e-04   h:+2.950318e-01   d:-4.905432e-04
Atomic Coordinates:
6	 1.39523822	-0.05208830	 0.34295871
1	 1.26711978	-0.02605081	 1.43263906
6	-1.39524280	 0.05208879	-0.34295494
6	 0.77368939	 1.19084456	-0.22432139
6	-0.67080828	 1.25912189	 0.17788034
1	-0.71721032	 1.23329334	 1.27409785
6	-0.77368486	-1.19084277	 0.22432415
1	-0.81601845	-1.11976089	 1.31870220
6	 0.67081193	-1.25912190	-0.17788350
1	-2.44715207	 0.10200551	-0.03976689
1	 1.30018918	 2.06948242	 0.16520679
1	 1.12244402	-2.16342914	 0.24544930
1	 2.44715236	-0.10200528	 0.03975824
1	-1.26711275	 0.02605009	-1.43264544
1	 0.81601624	 1.11976491	-1.31870100
1	-1.12244651	 2.16342948	-0.24544470
1	-1.30019304	-2.06948459	-0.16520551
1	 0.71720797	-1.23329732	-1.27409330
#

E  =  -2.761907194503532
mg =   0.000077741976192
k  =   9

  it:  1   g1:+1.540455e-04   h:+2.950538e-01   d:-5.220928e-04
  it:  2   g1:-1.487519e-04   h:+5.799684e-01   d:+2.564827e-04
Atomic Coordinates:
6	 1.39523740	-0.05208796	 0.34290763
1	 1.26712098	-0.02605147	 1.43261829
6	-1.39523662	 0.05208838	-0.34290912
6	 0.77368346	 1.19083957	-0.22427395
6	-0.67080421	 1.25911859	 0.17783330
1	-0.71720863	 1.23329272	 1.27407519
6	-0.77368092	-1.19084024	 0.22427517
1	-0.81601666	-1.11976141	 1.31868031
6	 0.67080713	-1.25911772	-0.17783256
1	-2.44713472	 0.10200490	-0.03976426
1	 1.30017866	 2.06946592	 0.16520708
1	 1.12243412	-2.16341026	 0.24544785
1	 2.44713163	-0.10200455	 0.03975699
1	-1.26711465	 0.02605066	-1.43262181
1	 0.81601487	 1.11976538	-1.31867842
1	-1.12243673	 2.16341089	-0.24544380
1	-1.30018169	-2.06946676	-0.16520514
1	 0.71720661	-1.23329665	-1.27407278
#

E  =  -2.761907214960968
mg =   0.000017074368237
k  =  10

  it:  1   g1:+4.131206e-05   h:+5.799556e-01   d:-7.123313e-05
  it:  2   g1:+3.807561e-05   h:+4.543452e-02   d:-8.380327e-04
Atomic Coordinates:
6	 1.39524749	-0.05208316	 0.34287144
1	 1.26715640	-0.02605372	 1.43260277
6	-1.39523360	 0.05207921	-0.34289021
6	 0.77367387	 1.19085587	-0.22425118
6	-0.67081931	 1.25913134	 0.17781116
1	-0.71721994	 1.23332286	 1.27403514
6	-0.77370334	-1.19084922	 0.22424829
1	-0.81602950	-1.11979286	 1.31863995
6	 0.67079059	-1.25914368	-0.17779419
1	-2.44710109	 0.10200745	-0.03957815
1	 1.30014639	 2.06943268	 0.16538896
1	 1.12240401	-2.16336340	 0.24562405
1	 2.44711327	-0.10200741	 0.03957231
1	-1.26715346	 0.02605412	-1.43258388
1	 0.81603405	 1.11979325	-1.31864616
1	-1.12239710	 2.16336075	-0.24562070
1	-1.30013372	-2.06941978	-0.16538094
1	 0.71722498	-1.23332432	-1.27404868
#

E  =  -2.761907233743516
mg =   0.000037398851766
k  =  11

  it:  1   g1:+3.688831e-05   h:+4.543153e-02   d:-8.119540e-04
  it:  2   g1:-5.143176e-05   h:+1.087747e-01   d:+4.728283e-04
Atomic Coordinates:
6	 1.39523843	-0.05208959	 0.34287654
1	 1.26718168	-0.02605362	 1.43258840
6	-1.39524727	 0.05208770	-0.34287058
6	 0.77367379	 1.19085161	-0.22424100
6	-0.67080745	 1.25911587	 0.17779766
1	-0.71723174	 1.23334420	 1.27403255
6	-0.77368555	-1.19084108	 0.22424328
1	-0.81604432	-1.11981292	 1.31863632
6	 0.67079157	-1.25912342	-0.17780343
1	-2.44708506	 0.10200742	-0.03951665
1	 1.30013477	 2.06942327	 0.16545158
1	 1.12239614	-2.16335764	 0.24569042
1	 2.44710240	-0.10200819	 0.03950767
1	-1.26717546	 0.02605466	-1.43258657
1	 0.81604512	 1.11981419	-1.31864137
1	-1.12239134	 2.16335420	-0.24568591
1	-1.30012963	-2.06941949	-0.16544756
1	 0.71723392	-1.23334719	-1.27403139
#

E  =  -2.761907239998788
mg =   0.000017100918527
k  =  12

  it:  1   g1:+2.936050e-05   h:+1.087786e-01   d:-2.699107e-04
  it:  2   g1:+4.717376e-06   h:+9.130104e-02   d:-5.166837e-05
Atomic Coordinates:
6	 1.39524719	-0.05209097	 0.34286413
1	 1.26722677	-0.02605547	 1.43258902
6	-1.39524228	 0.05209395	-0.34286936
6	 0.77369006	 1.19083346	-0.22422964
6	-0.67080287	 1.25912186	 0.17778817
1	-0.71725471	 1.23338481	 1.27403979
6	-0.77367556	-1.19084275	 0.22422806
1	-0.81607152	-1.11985126	 1.31865295
6	 0.67082009	-1.25911290	-0.17778751
1	-2.44708676	 0.10200800	-0.03947006
1	 1.30012097	 2.06941317	 0.16549302
1	 1.12237951	-2.16333883	 0.24572870
1	 2.44706799	-0.10200808	 0.03946891
1	-1.26722173	 0.02605528	-1.43259497
1	 0.81606769	 1.11985530	-1.31864508
1	-1.12238680	 2.16334281	-0.24572862
1	-1.30012925	-2.06941883	-0.16549287
1	 0.71725122	-1.23338958	-1.27403467
#

E  =  -2.761907244719676
mg =   0.000019986715729
k  =  13

  it:  1   g1:+2.550751e-05   h:+9.130475e-02   d:-2.793668e-04
  it:  2   g1:+9.108735e-06   h:+5.869981e-02   d:-1.551748e-04
Atomic Coordinates:
6	 1.39525436	-0.05208718	 0.34287338
1	 1.26730616	-0.02605932	 1.43259214
6	-1.39524822	 0.05209070	-0.34287642
6	 0.77369850	 1.19084481	-0.22423808
6	-0.67079851	 1.25913480	 0.17780067
1	-0.71729276	 1.23345531	 1.27403221
6	-0.77367730	-1.19085572	 0.22424063
1	-0.81611453	-1.11991830	 1.31864658
6	 0.67082521	-1.25912496	-0.17779227
1	-2.44707911	 0.10200867	-0.03942470
1	 1.30010477	 2.06939392	 0.16553360
1	 1.12236653	-2.16332006	 0.24576945
1	 2.44705331	-0.10200854	 0.03942517
1	-1.26730222	 0.02605883	-1.43260403
1	 0.81611012	 1.11992260	-1.31864000
1	-1.12237734	 2.16332742	-0.24577152
1	-1.30011703	-2.06940333	-0.16553568
1	 0.71728807	-1.23345966	-1.27403115
#

E  =  -2.761907250261729
mg =   0.000023752531213
k  =  14

  it:  1   g1:+2.342293e-05   h:+5.869574e-02   d:-3.990567e-04
  it:  2   g1:-6.378815e-07   h:+6.029421e-02   d:+1.057948e-05
Atomic Coordinates:
6	 1.39525547	-0.05208693	 0.34285868
1	 1.26737937	-0.02606206	 1.43260510
6	-1.39525758	 0.05208717	-0.34285286
6	 0.77368786	 1.19086038	-0.22422302
6	-0.67080139	 1.25913590	 0.17778033
1	-0.71732644	 1.23352153	 1.27403003
6	-0.77368398	-1.19086155	 0.22422616
1	-0.81615305	-1.11998104	 1.31864046
6	 0.67080532	-1.25913292	-0.17778262
1	-2.44706607	 0.10200904	-0.03939537
1	 1.30010170	 2.06938864	 0.16556458
1	 1.12236720	-2.16331905	 0.24580309
1	 2.44706409	-0.10200926	 0.03939146
1	-1.26737607	 0.02606259	-1.43261216
1	 0.81615156	 1.11998351	-1.31864095
1	-1.12236864	 2.16331867	-0.24580080
1	-1.30010453	-2.06939074	-0.16556412
1	 0.71732516	-1.23352390	-1.27402801
#

E  =  -2.761907254811437
mg =   0.000015175525782
k  =  15

  it:  1   g1:+1.971918e-05   h:+6.029695e-02   d:-3.270345e-04
  it:  2   g1:-1.773117e-05   h:+1.145150e-01   d:+1.548371e-04
Atomic Coordinates:
6	 1.39525826	-0.05208930	 0.34285044
1	 1.26740939	-0.02606322	 1.43260147
6	-1.39525604	 0.05208815	-0.34285659
6	 0.77368483	 1.19085787	-0.22421958
6	-0.67081503	 1.25913273	 0.17777612
1	-0.71733777	 1.23354918	 1.27401820
6	-0.77369302	-1.19085526	 0.22421752
1	-0.81616711	-1.12000808	 1.31863280
6	 0.67080595	-1.25913730	-0.17777437
1	-2.44707051	 0.10200959	-0.03938372
1	 1.30011073	 2.06940295	 0.16557897
1	 1.12237185	-2.16332631	 0.24581517
1	 2.44707608	-0.10200968	 0.03938001
1	-1.26740782	 0.02606384	-1.43259521
1	 0.81616806	 1.12000904	-1.31863322
1	-1.12236949	 2.16332471	-0.24581253
1	-1.30010722	-2.06939922	-0.16557599
1	 0.71733886	-1.23354970	-1.27401952
#

E  =  -2.761907256509202
mg =   0.000015235346167
k  =  16

  it:  1   g1:+1.625018e-05   h:+1.145134e-01   d:-1.419063e-04
  it:  2   g1:+2.556396e-06   h:+9.649874e-02   d:-2.649150e-05
Atomic Coordinates:
6	 1.39527595	-0.05209379	 0.34284704
1	 1.26743385	-0.02606413	 1.43258547
6	-1.39527862	 0.05209282	-0.34284795
6	 0.77369470	 1.19087048	-0.22420893
6	-0.67082386	 1.25914265	 0.17776686
1	-0.71734745	 1.23357021	 1.27400323
6	-0.77369980	-1.19086527	 0.22420894
1	-0.81617902	-1.12002876	 1.31862007
6	 0.67081750	-1.25914818	-0.17776689
1	-2.44707742	 0.10200979	-0.03937642
1	 1.30011679	 2.06941397	 0.16558811
1	 1.12237638	-2.16333619	 0.24582475
1	 2.44708469	-0.10200996	 0.03937225
1	-1.26743189	 0.02606458	-1.43258285
1	 0.81617959	 1.12002951	-1.31862148
1	-1.12237472	 2.16333544	-0.24582262
1	-1.30011480	-2.06941242	-0.16558629
1	 0.71734814	-1.23357076	-1.27400333
#

E  =  -2.761907257877448
mg =   0.000010963844748
k  =  17

  it:  1   g1:+1.238530e-05   h:+9.649693e-02   d:-1.283492e-04
  it:  2   g1:-1.060427e-05   h:+1.791174e-01   d:+5.920291e-05
Atomic Coordinates:
6	 1.39527983	-0.05209096	 0.34284273
1	 1.26744125	-0.02606501	 1.43258195
6	-1.39527842	 0.05209082	-0.34284278
6	 0.77369789	 1.19087339	-0.22420606
6	-0.67081840	 1.25915171	 0.17776290
1	-0.71735160	 1.23357568	 1.27399947
6	-0.77369865	-1.19087448	 0.22420642
1	-0.81618306	-1.12003417	 1.31861482
6	 0.67081783	-1.25915036	-0.17776303
1	-2.44709293	 0.10201049	-0.03937175
1	 1.30011841	 2.06941811	 0.16559131
1	 1.12237906	-2.16334329	 0.24582890
1	 2.44709213	-0.10201049	 0.03936926
1	-1.26743941	 0.02606514	-1.43258340
1	 0.81618272	 1.12003571	-1.31861491
1	-1.12237918	 2.16334248	-0.24582704
1	-1.30011871	-2.06941765	-0.16559005
1	 0.71735123	-1.23357713	-1.27399875
#

E  =  -2.761907258305645
mg =   0.000001899766926
k  =  18

converged (k  =  18)

MOL>$molecule
MOL> cartesian
MOL>   6     1.39527983    -0.05209096     0.34284273   k=2,4,9,13
MOL>   1     1.26744125    -0.02606501     1.43258195   k=1
MOL>   6    -1.39527842     0.05209082    -0.34284278   k=5,7,10,14
MOL>   6     0.77369789     1.19087339    -0.22420606   k=1,5,11,15
MOL>   6    -0.67081840     1.25915171     0.17776290   k=3,4,6,16
MOL>   1    -0.71735160     1.23357568     1.27399947   k=5
MOL>   6    -0.77369865    -1.19087448     0.22420642   k=3,8,9,17
MOL>   1    -0.81618306    -1.12003417     1.31861482   k=7
MOL>   6     0.67081783    -1.25915036    -0.17776303   k=1,7,12,18
MOL>   1    -2.44709293     0.10201049    -0.03937175   k=3
MOL>   1     1.30011841     2.06941811     0.16559131   k=4
MOL>   1     1.12237906    -2.16334329     0.24582890   k=9
MOL>   1     2.44709213    -0.10201049     0.03936926   k=1
MOL>   1    -1.26743941     0.02606514    -1.43258340   k=3
MOL>   1     0.81618272     1.12003571    -1.31861491   k=4
MOL>   1    -1.12237918     2.16334248    -0.24582704   k=5
MOL>   1    -1.30011871    -2.06941765    -0.16559005   k=7
MOL>   1     0.71735123    -1.23357713    -1.27399875   k=9
MOL>$end

Atomic Coordinates:
6	 1.39527983	-0.05209096	 0.34284273
1	 1.26744125	-0.02606501	 1.43258195
6	-1.39527842	 0.05209082	-0.34284278
6	 0.77369789	 1.19087339	-0.22420606
6	-0.67081840	 1.25915171	 0.17776290
1	-0.71735160	 1.23357568	 1.27399947
6	-0.77369865	-1.19087448	 0.22420642
1	-0.81618306	-1.12003417	 1.31861482
6	 0.67081783	-1.25915036	-0.17776303
1	-2.44709293	 0.10201049	-0.03937175
1	 1.30011841	 2.06941811	 0.16559131
1	 1.12237906	-2.16334329	 0.24582890
1	 2.44709213	-0.10201049	 0.03936926
1	-1.26743941	 0.02606514	-1.43258340
1	 0.81618272	 1.12003571	-1.31861491
1	-1.12237918	 2.16334248	-0.24582704
1	-1.30011871	-2.06941765	-0.16559005
1	 0.71735123	-1.23357713	-1.27399875
#

E= -2.76190726e+00
G=
 9.94776449e-07 -2.98711390e-07 -3.47212205e-07
 1.63543676e-07  3.61852518e-08 -1.13945955e-06
 9.10753418e-07  9.53912945e-08  1.40497908e-06
-6.93329053e-07 -1.23710717e-06  8.26894044e-07
-2.63077775e-07  1.09352429e-06 -1.53104836e-06
-4.01337414e-08  1.68551918e-08 -4.42515380e-07
-3.95187951e-07 -9.30071841e-07 -9.33038488e-07
-3.09590026e-08 -4.13989663e-08 -7.37985761e-07
-6.54006546e-07  1.70120432e-06  4.68440894e-08
 5.68812968e-07 -6.44827576e-08 -3.71580532e-07
-1.98904054e-07 -2.55378128e-07 -2.68438033e-07
-9.29519341e-09  3.25840020e-08 -1.11095713e-07
-1.52596152e-06  1.00188422e-07  4.79799575e-07
-2.43327232e-07  1.31650858e-08  1.78825162e-07
 5.44884017e-08  2.97341901e-07  4.99733240e-07
 6.43591220e-07 -1.43621236e-06  8.28889666e-07
 6.81919243e-07  1.15757616e-06  6.55228028e-07
 3.62966948e-08 -2.80653301e-07  9.61181146e-07
H=
 6.38445753e-01	-6.33953139e-03	 5.08731658e-01	-4.63323555e-02	 4.17938798e-03	 6.26217456e-01	
-6.80118772e-02	 1.09689546e-03	 2.94091393e-02	 5.65294572e-02	 1.12873034e-03	-5.53308557e-02	
-6.19978237e-03	-2.73123761e-04	 6.18580770e-02	 3.10880438e-02	-6.27023247e-03	-3.17069792e-01	
-2.59141580e-02	 6.45620289e-03	 3.44901307e-01	-1.08926955e-03	 6.96246866e-05	 3.44460011e-04	
 6.34272922e-05	-3.71891816e-06	 8.44806926e-05	 6.38446463e-01	 6.96261810e-05	 4.08095213e-04	
-1.20569606e-04	-3.71891816e-06	-6.31647266e-05	-2.47966745e-06	-6.33955134e-03	 5.08733186e-01	
 3.44479582e-04	-1.20571848e-04	-5.18410311e-03	 8.44806926e-05	-2.47966744e-06	-6.94459281e-06	
-4.63316116e-02	 4.17917819e-03	 6.26217306e-01	-1.22028969e-01	 4.25676289e-02	-1.76422123e-02	
 4.59210771e-03	-2.35116528e-03	-3.61652646e-03	-2.37384651e-02	-9.81852166e-03	 2.39666530e-03	
 5.41116533e-01	 3.44192181e-02	-1.79793378e-01	 3.52319901e-02	 7.37248298e-04	 6.49679275e-04	
 1.00851594e-02	-3.47137761e-02	 6.27425443e-03	 7.35369550e-03	 5.38269996e-02	 5.98742073e-01	
-1.76690774e-02	 3.56635393e-02	-1.20253892e-01	-1.35701789e-02	 3.31869834e-02	-1.45947905e-02	
-1.20911510e-02	 1.10882632e-03	 1.23102520e-02	 1.79270388e-02	 4.40027979e-02	 6.33538406e-01	
-1.98248956e-02	 1.20721767e-02	 1.36726961e-03	-4.46349675e-04	-4.12379740e-04	-1.56251401e-04	
-1.28929061e-01	-4.76475311e-02	-1.87298490e-02	-2.06868773e-01	 8.98929268e-03	 2.93288246e-02	
 5.32575575e-01	 3.64113226e-02	 2.06790312e-03	-7.19895801e-03	-1.86680704e-03	-1.99063319e-03	
-9.21923785e-05	-3.95066149e-02	-1.75436855e-01	-3.14763227e-02	 8.67686779e-04	-1.03018116e-01	
-1.79733233e-03	-4.77544152e-02	 6.03941432e-01	-1.34776483e-02	 2.77649015e-04	 1.26033300e-02	
-3.04197259e-04	-1.63752612e-03	-1.46975387e-04	-1.91010884e-02	-3.18911910e-02	-1.17710298e-01	
 2.95149950e-02	-1.03002973e-03	-1.12189310e-01	 1.61548935e-02	-4.41556947e-02	 6.36878223e-01	
-6.79874204e-04	-6.74113209e-04	-1.37179103e-03	-2.19235784e-05	 4.27066375e-05	-5.37655274e-06	
 3.13961359e-03	-9.53864494e-04	-2.06930872e-02	-3.48087186e-03	-9.64185449e-04	 3.72498569e-02	
-5.76166918e-02	 3.48387677e-03	 1.13590648e-02	 6.09844158e-02	-1.92947343e-03	-1.69069632e-03	
-1.09304508e-03	 4.27066371e-05	 1.82648976e-05	 3.41220724e-06	-1.06090838e-03	 8.88638240e-04	
-2.99525730e-02	 1.92886254e-04	 3.36648404e-03	 7.28067688e-04	 3.56517659e-03	-6.25793362e-02	
 5.97790224e-03	 3.06382493e-03	 5.58285475e-02	 6.14576673e-05	-1.46911047e-04	-2.13391835e-04	
-5.37655264e-06	 3.41220722e-06	 4.49389108e-05	-5.47735085e-03	-9.68493790e-03	-1.33812022e-02	
 1.19551847e-02	-3.42713548e-04	-9.23851834e-03	 1.05786712e-02	 7.46417852e-03	-3.20217016e-01	
-1.58797062e-02	 5.80041154e-04	 3.46476280e-01	-2.37381802e-02	-9.81838448e-03	 2.39667551e-03	
-2.67358449e-04	 2.64259098e-04	-1.57894803e-04	-1.22028853e-01	 4.25675335e-02	-1.76422821e-02	
-2.85709644e-05	-6.56250079e-04	 3.17766686e-04	 1.65687018e-02	-1.35300947e-02	 7.14030115e-03	
-2.71476500e-03	 5.91479992e-04	-1.01937320e-04	 5.41115681e-01	-3.47135671e-02	 6.27430984e-03	
 7.35374030e-03	 1.71449921e-03	-2.10072699e-03	 1.76215570e-04	 3.44190664e-02	-1.79793501e-01	
 3.52319603e-02	-6.56248840e-04	-6.46511310e-04	-2.04759561e-04	 9.38869439e-03	-3.55941186e-02	
 9.91082232e-03	-6.74572066e-04	 1.93576970e-04	-1.74286999e-04	 5.38277946e-02	 5.98741567e-01	
-1.20911367e-02	 1.10885070e-03	 1.23102053e-02	-2.30732740e-04	 1.73082352e-03	-2.15876560e-04	
-1.76691876e-02	 3.56635496e-02	-1.20253885e-01	 3.17776523e-04	-2.04743706e-04	-5.19019706e-03	
 5.92937292e-03	-8.58047966e-03	 1.38717233e-02	 1.43393849e-03	 5.76376530e-04	-6.27749779e-05	
 1.79270666e-02	 4.40036192e-02	 6.33538007e-01	-4.71456777e-04	 5.22994348e-04	-1.29566688e-03	
-2.87918410e-05	-3.89365303e-05	-4.05631592e-06	 3.25585779e-03	 8.10939703e-05	-1.81526068e-02	
-1.81029791e-05	 6.56564300e-05	-4.38339090e-05	-2.68533945e-03	 9.68886293e-04	 1.34906843e-03	
 4.52017103e-05	-3.97344496e-06	 7.53211751e-08	-5.82077893e-02	-3.46574027e-03	 1.05405144e-02	
 6.03866431e-02	 1.83017445e-03	-1.84788860e-03	 1.26321467e-03	-3.89365298e-05	 2.49255587e-05	
-2.12969508e-06	 7.31511394e-04	 2.29207996e-03	 3.09879832e-02	 6.56564300e-05	 3.21583286e-05	
-6.37130169e-05	-3.53170968e-04	 1.46479696e-04	-7.01966895e-04	-3.97344506e-06	-4.92565653e-05	
 1.79372706e-06	-3.57886565e-03	-6.29008422e-02	-1.66455838e-02	-4.03097574e-03	 5.68490053e-02	
 4.72751134e-06	 2.02289094e-04	-2.64620684e-04	-4.05631584e-06	-2.12969507e-06	 4.51466108e-05	
-4.70391021e-03	 9.51668748e-03	-1.49009010e-02	-4.38339091e-05	-6.37130169e-05	-2.07374998e-05	
-6.94946558e-05	 1.72759509e-04	-4.51041926e-05	 7.53211753e-08	 1.79372702e-06	 4.53345588e-05	
 9.64196335e-03	-1.80613655e-02	-3.19304180e-01	-1.52763822e-02	 1.17252315e-02	 3.46053376e-01	
-1.28929169e-01	-4.76476277e-02	-1.87297718e-02	 4.66616716e-03	 1.78901204e-03	-4.55052023e-03	
-1.98251714e-02	 1.20723413e-02	 1.36727183e-03	 1.65687620e-02	 9.38870386e-03	 5.92933529e-03	
 7.77437514e-05	 6.07595125e-04	 3.02679788e-04	-2.88377497e-05	-6.18368122e-05	-3.60137312e-05	
-2.06868784e-01	 8.98908523e-03	 2.93288229e-02	-3.29053900e-03	 8.18573911e-04	 1.19099623e-02	
 5.32576307e-01	-3.95067583e-02	-1.75436675e-01	-3.14763710e-02	-1.71046135e-03	-1.05478186e-03	
-1.02562121e-02	 3.64115578e-02	 2.06782000e-03	-7.19890691e-03	-1.35301418e-02	-3.55945161e-02	
-8.58049826e-03	 6.07596018e-04	-7.44792450e-04	 8.10543077e-06	-6.18368122e-05	 4.77659931e-05	
 6.46696026e-05	 8.67476805e-04	-1.03018095e-01	-1.79747270e-03	 2.93006625e-03	 3.06546695e-03	
-1.13159439e-03	-4.77535786e-02	 6.03941565e-01	-1.91009736e-02	-3.18912267e-02	-1.17710346e-01	
-1.62811999e-02	-3.24474463e-02	-1.29643407e-02	-1.34776682e-02	 2.77684533e-04	 1.26033853e-02	
 7.14026985e-03	 9.91084013e-03	 1.38717834e-02	 3.02669484e-04	 8.12194948e-06	-5.19823325e-03	
-3.60137312e-05	 6.46696026e-05	-2.56103866e-05	 2.95149997e-02	-1.03017344e-03	-1.12189366e-01	
 3.69639727e-02	-4.31658459e-03	-9.12783507e-03	 1.61548346e-02	-4.41548671e-02	 6.36879030e-01	
 7.64449847e-05	-4.46671624e-06	 1.10786997e-05	-2.00250524e-05	 1.18111417e-06	-1.35743790e-05	
-3.00427361e-01	 1.17929049e-02	 7.11308871e-02	 2.20243701e-04	-1.86573052e-04	 4.80958903e-04	
-1.71084593e-02	-7.63783070e-03	-4.06739085e-04	 5.95140910e-04	 1.31262873e-04	 1.97104502e-06	
-1.40514188e-02	 8.87778676e-03	-1.46143415e-03	 4.88849679e-04	-3.22371994e-04	 1.50077279e-05	
 2.55271021e-04	 2.53731064e-04	 5.48996021e-04	 3.25068320e-01	-4.46671624e-06	-3.47491910e-05	
-4.44320154e-07	 1.18111417e-06	 1.41897131e-05	 4.68038598e-07	 1.17244045e-02	-5.22548974e-02	
-3.48999428e-03	-1.64443320e-04	 7.85656531e-04	-9.12720720e-04	-2.76773799e-02	 1.34942626e-03	
 8.92466169e-03	 9.76215296e-04	-1.77213894e-03	-1.69596139e-05	 2.84616552e-02	-2.16564398e-03	
-8.66994484e-03	-1.09824489e-03	-1.69623091e-03	 8.72784226e-05	 2.30900287e-04	 8.21313623e-04	
 9.05633189e-04	-1.26432569e-02	 5.74783047e-02	 1.10786997e-05	-4.44320141e-07	-3.38262946e-05	
-1.35743790e-05	 4.68038599e-07	 8.85133560e-06	 6.75185508e-02	-3.33831633e-03	-7.82374835e-02	
 4.60091036e-04	-9.57650723e-04	 1.79405144e-03	-1.22838058e-02	 3.88186128e-03	 4.02621347e-03	
 1.84666616e-03	 8.12931581e-04	 1.20963262e-04	-1.36237230e-02	-2.61769271e-03	 4.48421684e-03	
 1.81430746e-03	-8.95630809e-04	 1.51347841e-04	 5.32819833e-04	 9.52116482e-04	 1.72336859e-03	
-7.28978943e-02	 3.29759788e-03	 6.93625350e-02	 9.87824203e-03	 9.67837633e-03	 8.88228050e-03	
-1.61395724e-03	 5.56866769e-04	-2.07125264e-04	 3.64470716e-04	-2.51658356e-04	 3.46227152e-04	
-1.14321621e-01	-1.04373874e-01	-4.52496430e-02	-2.05796409e-02	-2.54893680e-02	-1.03985058e-02	
-3.46623242e-04	 1.80988130e-03	 5.43643569e-05	-2.48517379e-06	 5.10046075e-05	-9.16985533e-07	
 3.11115676e-06	-1.67577597e-05	 6.05812202e-06	 1.05503205e-03	-1.46060735e-04	-1.12243651e-03	
-1.47645761e-05	-1.40934822e-05	-1.46824843e-06	 1.24440896e-01	-8.74973759e-03	-2.78788964e-02	
-5.96175790e-03	 1.16420083e-03	 5.32914786e-04	 1.54786318e-04	-2.76593342e-04	 6.52845955e-04	
-9.93735559e-04	-1.04130531e-01	-2.25375778e-01	-7.62751539e-02	-5.44149151e-03	 4.60823550e-03	
 4.99458717e-03	 9.57030326e-04	-6.41273452e-04	 3.65448430e-05	 5.10046075e-05	 4.52571017e-05	
-1.44161276e-06	-1.67577597e-05	-1.10249613e-05	 9.13012223e-06	-1.18627441e-04	 2.07434373e-04	
-1.40152002e-05	-1.40934822e-05	 4.67895597e-06	-7.70878097e-07	 1.12541181e-01	 2.44234991e-01	
 9.95052870e-03	 9.11610914e-03	 6.26782877e-03	-3.88557151e-04	-1.94372796e-03	 2.50001643e-05	
 3.94005757e-04	-1.00005267e-03	 1.78263611e-03	-4.33163763e-02	-7.32288986e-02	-9.12226357e-02	
 1.39898234e-03	 1.01890091e-02	 4.23852206e-03	-1.71443805e-03	-9.37893227e-04	-6.81368180e-05	
-9.16985533e-07	-1.44161276e-06	-3.49024253e-05	 6.05812201e-06	 9.13012223e-06	 1.09298114e-05	
-1.15038875e-03	 2.35470245e-05	 1.53748558e-03	-1.46824843e-06	-7.70878096e-07	 1.19981822e-05	
 4.84112101e-02	 7.95977770e-02	 8.32335974e-02	 9.56490728e-03	-1.24779603e-02	 9.82451667e-03	
-1.74330319e-03	-3.70303241e-04	-2.02694377e-04	 4.12051080e-04	 2.89650188e-04	 4.19808280e-04	
 1.06758531e-03	 3.12397456e-05	-1.11854943e-03	-1.06712585e-05	-4.62970391e-05	 9.20747636e-07	
 5.82752380e-06	 1.55153538e-05	 4.69614681e-06	-1.78358587e-02	 2.69330745e-02	-1.17727963e-02	
-5.82264912e-04	-1.81007765e-03	 1.20492698e-04	-9.78097583e-02	 9.22261335e-02	-4.22071080e-02	
-1.22785004e-05	 1.54580845e-05	-1.94612238e-06	 1.20180964e-05	-1.43821226e-06	 2.72632156e-08	
 1.06617663e-01	 5.95341110e-03	-2.76659525e-02	 6.47110304e-03	-9.80724122e-04	 7.30013473e-04	
-1.62003146e-04	 3.16386191e-04	 6.81118556e-04	 1.00239954e-03	 2.70827131e-06	 2.00049517e-04	
 1.58729575e-04	-4.62970391e-05	 5.34341478e-05	-1.75733808e-06	 1.55153538e-05	-1.44174352e-05	
-8.67106829e-06	 7.33766197e-03	 1.30617105e-03	-4.00557550e-03	-1.02320859e-03	-3.68268739e-04	
-2.79858702e-05	 9.20512315e-02	-2.35890522e-01	 8.51320767e-02	 1.54580845e-05	 2.26806685e-06	
 1.23510023e-06	-1.43821226e-06	-2.21717170e-05	 6.49257964e-07	-9.94449245e-02	 2.55642139e-01	
 8.92746294e-03	-8.61396884e-03	 6.36818652e-03	-1.84512784e-04	 1.94336896e-03	-4.27515633e-05	
 4.66972529e-04	 1.00473007e-03	 1.70678248e-03	-1.14849410e-03	 1.23597404e-04	 1.53231672e-03	
 9.20747636e-07	-1.75733807e-06	-3.48933883e-05	 4.69614681e-06	-8.67106829e-06	 1.16059174e-05	
 2.97855864e-04	-1.02022511e-02	 4.79685538e-03	-1.59141988e-03	 1.09260787e-03	-1.05501912e-04	
-4.05281113e-02	 8.19341648e-02	-9.72200389e-02	-1.94612238e-06	 1.23510023e-06	 1.19229947e-05	
 2.72632161e-08	 6.49257963e-07	 1.20661814e-05	 4.53277608e-02	-8.97466438e-02	 8.96499421e-02	
-3.00426999e-01	 1.17928940e-02	 7.11314637e-02	 5.18131401e-03	-3.08690895e-04	 3.59902724e-03	
 7.64451603e-05	-4.46672488e-06	 1.10786601e-05	-1.40515454e-02	 8.87785232e-03	-1.46141323e-03	
 2.55272271e-04	 2.53734580e-04	 5.48998779e-04	-1.83242586e-05	 1.54349107e-05	 1.42681974e-05	
 2.20244972e-04	-1.86576346e-04	 4.80962180e-04	-2.06442524e-05	-1.21323912e-05	 1.52455271e-05	
-1.71086073e-02	-7.63789490e-03	-4.06719130e-04	-1.52333847e-05	 9.66163261e-07	-3.72886509e-07	
-1.61148489e-04	 3.58108119e-04	-4.87516810e-04	-3.58549449e-05	-3.17421062e-04	-5.46460674e-04	
 3.25068161e-01	 1.17243827e-02	-5.22543855e-02	-3.49004168e-03	 1.43738106e-04	-3.80232824e-03	
-7.82056357e-05	-4.46672488e-06	-3.47492620e-05	-4.44318429e-07	 2.84617349e-02	-2.16566155e-03	
-8.67000136e-03	 2.30899400e-04	 8.21315681e-04	 9.05625625e-04	 1.54349107e-05	 1.17316674e-05	
-6.02204012e-06	-1.64443376e-04	 7.85659781e-04	-9.12715580e-04	-1.21323912e-05	 1.44612640e-05	
 4.75605235e-06	-2.76774530e-02	 1.34941887e-03	 8.92471930e-03	 9.66163261e-07	 7.90327919e-06	
 1.55442965e-08	-1.80348593e-03	 7.16673345e-04	 8.29193499e-04	 1.84755423e-03	 5.19289496e-04	
-8.75776972e-04	-1.26432439e-02	 5.74779482e-02	 6.75191728e-02	-3.33836977e-03	-7.82377238e-02	
 2.74654576e-02	-1.08038141e-03	 5.19116637e-05	 1.10786601e-05	-4.44318428e-07	-3.38263762e-05	
-1.36237054e-02	-2.61768863e-03	 4.48425765e-03	 5.32819038e-04	 9.52118932e-04	 1.72336189e-03	
 1.42681974e-05	-6.02204012e-06	 1.26792923e-05	 4.60090807e-04	-9.57653044e-04	 1.79404365e-03	
 1.52455271e-05	 4.75605235e-06	 1.22696893e-05	-1.22837978e-02	 3.88184925e-03	 4.02624793e-03	
-3.72886510e-07	 1.55442976e-08	 7.93755581e-06	-3.49171447e-04	 1.02005934e-03	-1.79051513e-03	
-5.06474438e-04	-1.07412464e-03	-1.71842155e-03	-7.28985512e-02	 3.29764565e-03	 6.93626967e-02	
 6.34272306e-05	-3.71892845e-06	 8.44807158e-05	-3.23077351e-06	 3.96832836e-07	-2.18106350e-05	
-6.80119547e-02	 1.09688154e-03	 2.94092021e-02	-2.67360281e-04	 1.71448385e-03	-2.30737004e-04	
 4.66617000e-03	-1.71040587e-03	-1.62810784e-02	 5.43310119e-04	-4.30901727e-04	 1.63132272e-06	
 4.59209149e-03	 7.37181352e-04	-1.35700413e-02	 5.89475999e-04	 4.03858318e-04	-1.27224414e-05	
-4.46350851e-04	-1.86679013e-03	-3.04205678e-04	 5.18123293e-03	 1.43733865e-04	 2.74653809e-02	
-5.82936685e-06	-1.91601285e-05	-1.49857773e-05	-2.61148040e-06	 1.91084880e-05	-1.46486698e-05	
-2.00250827e-05	 1.18111818e-06	-1.35744023e-05	 5.65296376e-02	-3.71892846e-06	-6.31647024e-05	
-2.47967665e-06	 3.96832836e-07	 1.60574586e-05	 4.48538548e-07	 1.12871123e-03	-5.53313109e-02	
-6.19969083e-03	 2.64252884e-04	-2.10071581e-03	 1.73082022e-03	 1.78905782e-03	-1.05475326e-03	
-3.24473790e-02	-1.43817217e-04	 2.68712881e-04	-2.27751977e-05	-2.35122677e-03	 6.49723627e-04	
 3.31868466e-02	 1.19032797e-04	 2.25914018e-04	 1.30473112e-05	-4.12374911e-04	-1.99062515e-03	
-1.63752724e-03	-3.08687180e-04	-3.80224660e-03	-1.08038486e-03	-1.91601285e-05	 2.99782450e-06	
-1.19262096e-05	 1.91084880e-05	 7.40073950e-07	 1.34202332e-05	 1.18111818e-06	 1.41897411e-05	
 4.68040188e-07	-2.73092703e-04	 6.18583643e-02	 8.44807158e-05	-2.47967665e-06	-6.94450052e-06	
-2.18106350e-05	 4.48538548e-07	-8.58685288e-06	 3.10881692e-02	-6.27017970e-03	-3.17069771e-01	
-1.57897329e-04	 1.76211990e-04	-2.15877954e-04	-4.55046179e-03	-1.02561415e-02	-1.29642635e-02	
 5.35503898e-05	-7.86632569e-05	-2.03038067e-05	-3.61646066e-03	 1.00850545e-02	-1.45946534e-02	
 5.45214153e-05	 6.39314815e-05	-2.36705451e-05	-1.56254280e-04	-9.21899559e-05	-1.46978296e-04	
 3.59899803e-03	-7.82071132e-05	 5.19422638e-05	-1.49857773e-05	-1.19262096e-05	 8.91824239e-06	
-1.46486698e-05	 1.34202332e-05	 7.95810214e-06	-1.35744023e-05	 4.68040188e-07	 8.85135459e-06	
-2.59143720e-02	 6.45618684e-03	 3.44901048e-01	 3.25581587e-03	 8.10744622e-05	-1.81525505e-02	
 5.89475838e-04	 1.19036849e-04	 5.45210878e-05	-4.71458588e-04	 5.22992917e-04	-1.29566850e-03	
-5.82078477e-02	-3.46555000e-03	 1.05405646e-02	-3.29053791e-03	 2.93000972e-03	 3.69639579e-02	
 8.32637267e-05	 1.74184478e-04	 3.46303617e-05	-1.81029097e-05	 6.56563952e-05	-4.38338485e-05	
 8.06366466e-06	-1.09809531e-05	 1.29278539e-05	-2.68532229e-03	 9.68882492e-04	 1.34906585e-03	
-2.06442634e-05	-1.21324112e-05	 1.52455005e-05	 4.26577468e-04	 4.83533878e-03	-1.44255463e-02	
 1.79037088e-05	 3.67159735e-06	-1.74941965e-06	 4.88847439e-04	-1.09826198e-03	 1.81428391e-03	
-2.87921097e-05	-3.89367880e-05	-4.05638598e-06	 6.03867157e-02	 7.31457269e-04	 2.29208695e-03	
 3.09878353e-02	 4.03857390e-04	 2.25915913e-04	 6.39311909e-05	 1.83016158e-03	-1.84787021e-03	
 1.26319956e-03	-3.57867250e-03	-6.29006752e-02	-1.66449266e-02	 8.18588067e-04	 3.06545933e-03	
-4.31661869e-03	-1.18666951e-04	 7.26424312e-04	 9.13767024e-06	 6.56563952e-05	 3.21584939e-05	
-6.37129845e-05	-1.09809531e-05	 9.96627671e-07	 1.77406905e-05	-3.53159119e-04	 1.46479230e-04	
-7.01978284e-04	-1.21324112e-05	 1.44612525e-05	 4.75605056e-06	 6.44341226e-03	 3.51676645e-03	
-2.25686360e-02	 3.67159735e-06	-2.11248572e-05	 1.87592307e-05	-3.22381812e-04	-1.69625023e-03	
-8.95652818e-04	-3.89367875e-05	 2.49254240e-05	-2.12973685e-06	-4.03104279e-03	 5.68488131e-02	
-4.70387305e-03	 9.51660721e-03	-1.49007035e-02	-1.27212457e-05	 1.30479093e-05	-2.36703666e-05	
 4.73409685e-06	 2.02284635e-04	-2.64617780e-04	 9.64202536e-03	-1.80608494e-02	-3.19304254e-01	
 1.19099538e-02	-1.13158853e-03	-9.12782112e-03	 3.80983299e-05	-4.04669554e-05	-1.79676577e-05	
-4.38338485e-05	-6.37129845e-05	-2.07374249e-05	 1.29278539e-05	 1.77406905e-05	-4.82046211e-06	
-6.94965308e-05	 1.72760890e-04	-4.51050714e-05	 1.52455005e-05	 4.75605056e-06	 1.22697118e-05	
-1.65238265e-03	-2.44219292e-03	-2.51241598e-03	-1.74941965e-06	 1.87592307e-05	 9.30782858e-06	
 1.50076080e-05	 8.72744485e-05	 1.51346862e-04	-4.05638590e-06	-2.12973684e-06	 4.51466526e-05	
-1.52765021e-02	 1.17247719e-02	 3.46053278e-01	 4.12053681e-04	 2.89652573e-04	 4.19808898e-04	
-2.61152238e-06	 1.91085123e-05	-1.46486659e-05	 9.56490976e-03	-1.24779334e-02	 9.82451992e-03	
-1.78358699e-02	 2.69330808e-02	-1.17727817e-02	-9.78092389e-02	 9.22266177e-02	-4.22071735e-02	
-5.15751732e-04	-6.11885946e-03	-1.21447980e-03	 1.06758659e-03	 3.12375152e-05	-1.11855063e-03	
 1.79037476e-05	 3.67160417e-06	-1.74942199e-06	-1.06712615e-05	-4.62971356e-05	 9.20723247e-07	
-3.58503344e-05	 1.84754907e-03	-5.06462878e-04	 8.47314380e-04	-1.12098978e-03	 1.34327921e-03	
 3.06788325e-06	 9.39766863e-06	-1.06788888e-06	-1.22785146e-05	 1.54580977e-05	-1.94609510e-06	
-1.74330645e-03	-3.70303801e-04	-2.02695266e-04	-5.82270392e-04	-1.81010009e-03	 1.20489334e-04	
 1.06617167e-01	 3.16384961e-04	 6.81116960e-04	 1.00239573e-03	 1.91085123e-05	 7.40084008e-07	
 1.34202129e-05	 5.95342016e-03	-2.76660472e-02	 6.47108888e-03	 7.33770012e-03	 1.30616107e-03	
-4.00560894e-03	 9.20516519e-02	-2.35890283e-01	 8.51321532e-02	-4.96317451e-03	 5.42078251e-03	
 2.27974292e-03	 2.71392514e-06	 2.00050199e-04	 1.58725014e-04	 3.67160418e-06	-2.11248906e-05	
 1.87592556e-05	-4.62971356e-05	 5.34342355e-05	-1.75729086e-06	-3.17419614e-04	 5.19295795e-04	
-1.07413151e-03	 1.05261749e-03	-5.63422402e-04	-5.33764362e-05	 9.39766863e-06	-1.01700936e-05	
 2.05831503e-06	 1.54580977e-05	 2.26807061e-06	 1.23508272e-06	-9.80731769e-04	 7.30013120e-04	
-1.62004099e-04	-1.02321164e-03	-3.68286141e-04	-2.79862177e-05	-9.94453669e-02	 2.55642061e-01	
 4.66967601e-04	 1.00472614e-03	 1.70677690e-03	-1.46486659e-05	 1.34202129e-05	 7.95814407e-06	
 8.92749649e-03	-8.61400321e-03	 6.36820406e-03	 2.97855340e-04	-1.02022752e-02	 4.79682511e-03	
-4.05281171e-02	 8.19342039e-02	-9.72193279e-02	-1.23077160e-02	 2.34083832e-02	-3.47412604e-03	
-1.14848779e-03	 1.23601549e-04	 1.53231339e-03	-1.74942199e-06	 1.87592556e-05	 9.30786081e-06	
 9.20723250e-07	-1.75729086e-06	-3.48934529e-05	-5.46463655e-04	-8.75762929e-04	-1.71845169e-03	
 1.30036539e-03	-9.38483828e-05	-1.51889146e-03	-1.06788888e-06	 2.05831503e-06	 7.70966043e-06	
-1.94609510e-06	 1.23508272e-06	 1.19230098e-05	-1.84523524e-04	 1.94337367e-03	-4.27525399e-05	
-1.59142330e-03	 1.09259976e-03	-1.05499489e-04	 4.53278144e-02	-8.97466922e-02	 8.96492523e-02	
 3.64473026e-04	-2.51661341e-04	 3.46228584e-04	-5.82940525e-06	-1.91601384e-05	-1.49857621e-05	
 9.87823231e-03	 9.67833417e-03	 8.88227950e-03	-2.48516420e-06	 5.10046796e-05	-9.17001324e-07	
 1.05503324e-03	-1.46059938e-04	-1.12243557e-03	 1.70058457e-05	-7.02971878e-06	-3.06386009e-06	
-1.14321276e-01	-1.04374248e-01	-4.52496734e-02	 4.26557974e-04	 6.44346569e-03	-1.65240992e-03	
-2.05795922e-02	-2.54893454e-02	-1.03984946e-02	-1.61144243e-04	-1.80348099e-03	-3.49160919e-04	
 1.40139468e-06	-1.04132504e-05	-8.33247450e-07	 8.47313631e-04	 1.05262154e-03	 1.30037308e-03	
-1.47645863e-05	-1.40934897e-05	-1.46822270e-06	-1.61396057e-03	 5.56870418e-04	-2.07125978e-04	
 3.11115996e-06	-1.67577423e-05	 6.05812070e-06	 1.20181064e-05	-1.43821530e-06	 2.72630799e-08	
 1.24440533e-01	-2.76593363e-04	 6.52846240e-04	-9.93733114e-04	-1.91601384e-05	 2.99782994e-06	
-1.19261856e-05	-8.74975436e-03	-2.78789607e-02	-5.96175210e-03	 5.10046796e-05	 4.52571502e-05	
-1.44163722e-06	-1.18631271e-04	 2.07435082e-04	-1.40125425e-05	-7.02971878e-06	-2.15967280e-05	
-1.73652719e-05	-1.04130844e-01	-2.25375498e-01	-7.62752180e-02	 4.83536596e-03	 3.51672483e-03	
-2.44221579e-03	-5.44150852e-03	 4.60822444e-03	 4.99461224e-03	 3.58106175e-04	 7.16677234e-04	
 1.02006223e-03	-1.04132504e-05	-8.63137081e-06	-1.32629225e-06	-1.12098433e-03	-5.63423330e-04	
-9.38575674e-05	-1.40934897e-05	 4.67895950e-06	-7.70864515e-07	 1.16420585e-03	 5.32913265e-04	
 1.54787348e-04	-1.67577423e-05	-1.10249563e-05	 9.13012349e-06	-1.43821530e-06	-2.21717329e-05	
 6.49253846e-07	 1.12541491e-01	 2.44234846e-01	 3.94002415e-04	-1.00004970e-03	 1.78262909e-03	
-1.49857621e-05	-1.19261856e-05	 8.91827352e-06	 9.95055524e-03	 9.11614154e-03	 6.26785696e-03	
-9.17001324e-07	-1.44163722e-06	-3.49024690e-05	-1.15038375e-03	 2.35443997e-05	 1.53748038e-03	
-3.06386009e-06	-1.73652719e-05	 1.06775936e-05	-4.33163675e-02	-7.32289570e-02	-9.12222845e-02	
-1.44256056e-02	-2.25686755e-02	-2.51237333e-03	 1.39899639e-03	 1.01890236e-02	 4.23849197e-03	
-4.87518202e-04	 8.29180821e-04	-1.79053628e-03	-8.33247450e-07	-1.32629225e-06	 7.83742609e-06	
 1.34326774e-03	-5.33811096e-05	-1.51888362e-03	-1.46822270e-06	-7.70864515e-07	 1.19981918e-05	
-3.88562307e-04	-1.94373099e-03	 2.49989546e-05	 6.05812070e-06	 9.13012348e-06	 1.09297959e-05	
 2.72630799e-08	 6.49253845e-07	 1.20661917e-05	 4.84112419e-02	 7.95978316e-02	 8.32332300e-02	
 3.13957355e-03	-9.53853360e-04	-2.06930539e-02	 5.43308767e-04	-1.43819693e-04	 5.35501546e-05	
-6.79876653e-04	-6.74112596e-04	-1.37179466e-03	-2.71475073e-03	-6.74571159e-04	 1.43393695e-03	
-2.88376861e-05	-6.18367935e-05	-3.60136586e-05	 9.88424560e-06	 1.06296532e-05	 1.09779732e-05	
-3.48086366e-03	-9.64127335e-04	 3.72498496e-02	 8.32637124e-05	-1.18668703e-04	 3.80987135e-05	
-5.76164803e-02	 3.48372051e-03	 1.13590904e-02	-1.83242734e-05	 1.54349326e-05	 1.42681651e-05	
 1.70058221e-05	-7.02970839e-06	-3.06385495e-06	-5.15736638e-04	-4.96315821e-03	-1.23076585e-02	
 5.95141036e-04	 9.76231073e-04	 1.84664537e-03	-2.19237047e-05	 4.27068412e-05	-5.37664488e-06	
 4.52015917e-05	-3.97338808e-06	 7.53213492e-08	 5.82752560e-06	 1.55153421e-05	 4.69614758e-06	
-3.46627733e-04	 9.57035300e-04	-1.71444372e-03	 6.09842151e-02	-1.06086097e-03	 8.88624654e-04	
-2.99524844e-02	-4.30900533e-04	 2.68714706e-04	-7.86631435e-05	-1.92945986e-03	-1.69068183e-03	
-1.09303393e-03	 5.91465443e-04	 1.93578407e-04	 5.76391868e-04	-6.18367935e-05	 4.77661765e-05	
 6.46695359e-05	 1.06296532e-05	-2.21341262e-06	-1.88780122e-05	 1.92873177e-04	 3.36646296e-03	
 7.28096943e-04	 1.74182915e-04	 7.26424391e-04	-4.04688330e-05	 3.56502018e-03	-6.25789165e-02	
 5.97721857e-03	 1.54349326e-05	 1.17316543e-05	-6.02203219e-06	-7.02970840e-06	-2.15967139e-05	
-1.73652509e-05	-6.11881805e-03	 5.42082704e-03	 2.34083354e-02	 1.31272171e-04	-1.77216356e-03	
 8.12959636e-04	 4.27068407e-05	 1.82647394e-05	 3.41227380e-06	-3.97338818e-06	-4.92554200e-05	
 1.79373287e-06	 1.55153421e-05	-1.44174304e-05	-8.67107256e-06	 1.80990132e-03	-6.41293914e-04	
-9.37876745e-04	 3.06387733e-03	 5.58281441e-02	-5.47733777e-03	-9.68490421e-03	-1.33810696e-02	
 1.63244704e-06	-2.27759512e-05	-2.03035927e-05	 6.14644504e-05	-1.46907965e-04	-2.13389866e-04	
-1.01939111e-04	-1.74288335e-04	-6.27761002e-05	-3.60136586e-05	 6.46695359e-05	-2.56103821e-05	
 1.09779732e-05	-1.88780122e-05	-3.43100096e-06	 1.19551841e-02	-3.42719759e-04	-9.23850699e-03	
 3.46299032e-05	 9.13574409e-06	-1.79675654e-05	 1.05787110e-02	 7.46363256e-03	-3.20217045e-01	
 1.42681651e-05	-6.02203219e-06	 1.26793225e-05	-3.06385495e-06	-1.73652509e-05	 1.06775783e-05	
-1.21445573e-03	 2.27971156e-03	-3.47416293e-03	 1.97097386e-06	-1.69547743e-05	 1.20961385e-04	
-5.37664478e-06	 3.41227378e-06	 4.49389323e-05	 7.53213492e-08	 1.79373282e-06	 4.53344370e-05	
 4.69614758e-06	-8.67107255e-06	 1.16059064e-05	 5.43599590e-05	 3.65464957e-05	-6.81346583e-05	
-1.58797837e-02	 5.80585458e-04	 3.46476200e-01	


=== diagonalization ===

time          : 0.01 s
iterations    : 11/20
a_ij < epsilon: 1431/1431


 *------*-------------------------*
 | Mode | Freq.                   |
 *------*-------------------------*
 |    1 |     1.310553946326757 i |
 |    2 |     1.296739648025916 i |
 |    3 |     0.980676298531588 i |
 |    4 |     0.024627567418499 i |
 |    5 |     0.019392040254256 i |
 |    6 |     0.002631711001376 i |
 |    7 |   347.296690569022417   |
 |    8 |   347.296983809516689   |
 |    9 |   492.363510218659258   |
 |   10 |   492.363541994731634   |
 |   11 |   511.011675601527656   |
 |   12 |   579.917396613686606   |
 |   13 |   869.109925016716602   |
 |   14 |   870.256056269854184   |
 |   15 |   870.256324286666427   |
 |   16 |   919.632925644056741   |
 |   17 |   919.633080492978024   |
 |   18 |  1020.081848837244138   |
 |   19 |  1020.081944121985202   |
 |   20 |  1071.564857047635087   |
 |   21 |  1071.860948926965648   |
 |   22 |  1071.861149668007329   |
 |   23 |  1088.120808526047995   |
 |   24 |  1198.705581302299152   |
 |   25 |  1240.016927246475916   |
 |   26 |  1263.560868421717487   |
 |   27 |  1263.561162823080622   |
 |   28 |  1297.891917171533123   |
 |   29 |  1342.483067896964258   |
 |   30 |  1342.483244767458473   |
 |   31 |  1417.304122961414578   |
 |   32 |  1422.781999218629380   |
 |   33 |  1436.064801276955677   |
 |   34 |  1436.065023115742179   |
 |   35 |  1460.172901410492386   |
 |   36 |  1460.173031181359420   |
 |   37 |  1493.411563953347695   |
 |   38 |  1520.044306143740641   |
 |   39 |  1520.044416614504826   |
 |   40 |  1539.407836459143709   |
 |   41 |  1552.725216677806884   |
 |   42 |  1552.725231648687213   |
 |   43 |  3090.523569574711928   |
 |   44 |  3093.017477744902408   |
 |   45 |  3093.017561303712682   |
 |   46 |  3101.625974800083895   |
 |   47 |  3101.626065534891495   |
 |   48 |  3107.362080917950152   |
 |   49 |  3150.584220406605709   |
 |   50 |  3150.584287740181026   |
 |   51 |  3153.262094446028186   |
 |   52 |  3154.227382467905954   |
 |   53 |  3154.227448538887074   |
 |   54 |  3159.547929380308233   |
 *------*-------------------------*

 ============
 Normal Modes
 ============

 mode         1         2         3         4         5         6
 freq.      1.3 i     1.3 i     1.0 i     0.0 i     0.0 i     0.0 i

   1 x  -0.050797 -0.004969  0.205957 -0.213740 -0.056181  0.188065
   1 y  -0.050797 -0.004969  0.205957 -0.213740 -0.056181  0.188065
   1 z  -0.050797 -0.004969  0.205957 -0.213740 -0.056181  0.188065
   2 x   0.016514 -0.036300 -0.072710  0.066966 -0.200044 -0.062880
   2 y   0.016514 -0.036300 -0.072710  0.066966 -0.200044 -0.062880
   2 z   0.016514 -0.036300 -0.072710  0.066966 -0.200044 -0.062880
   3 x   0.008146  0.184766 -0.005087  0.009218  0.180853 -0.004868
   3 y   0.008146  0.184766 -0.005087  0.009218  0.180853 -0.004868
   3 z   0.008146  0.184766 -0.005087  0.009218  0.180853 -0.004868
   4 x   0.193582  0.014608 -0.133677  0.193586  0.014608 -0.133677
   4 y   0.193582  0.014608 -0.133677  0.193586  0.014608 -0.133677
   4 z   0.193582  0.014608 -0.133677  0.193586  0.014608 -0.133677
   5 x  -0.049999  0.225327 -0.047793 -0.049995  0.225311 -0.047792
   5 y  -0.049999  0.225327 -0.047793 -0.049995  0.225311 -0.047792
   5 z  -0.049999  0.225327 -0.047793 -0.049995  0.225311 -0.047792
   6 x  -0.124824 -0.067608 -0.188170 -0.124815 -0.067604 -0.188169
   6 y  -0.124824 -0.067608 -0.188170 -0.124815 -0.067604 -0.188169
   6 z  -0.124824 -0.067608 -0.188170 -0.124815 -0.067604 -0.188169
   7 x   0.057291  0.010658 -0.129512  0.329637  0.034554 -0.099551
   7 y   0.057291  0.010658 -0.129512  0.329637  0.034554 -0.099551
   7 z   0.057291  0.010658 -0.129512  0.329637  0.034554 -0.099551
   8 x  -0.014218  0.054704  0.036532 -0.087906  0.177243  0.025373
   8 y  -0.014218  0.054704  0.036532 -0.087906  0.177243  0.025373
   8 z  -0.014218  0.054704  0.036532 -0.087906  0.177243  0.025373
   9 x  -0.193037 -0.053421 -0.061145 -0.359833 -0.077471 -0.076170
   9 y  -0.193037 -0.053421 -0.061145 -0.359833 -0.077471 -0.076170
   9 z  -0.193037 -0.053421 -0.061145 -0.359833 -0.077471 -0.076170
  10 x   0.109266 -0.105164  0.039029  0.205718 -0.160660  0.049305
  10 y   0.109266 -0.105164  0.039029  0.205718 -0.160660  0.049305
  10 z   0.109266 -0.105164  0.039029  0.205718 -0.160660  0.049305
  11 x   0.067490 -0.004057 -0.064521  0.299610 -0.013361 -0.041152
  11 y   0.067490 -0.004057 -0.064521  0.299610 -0.013361 -0.041152
  11 z   0.067490 -0.004057 -0.064521  0.299610 -0.013361 -0.041152
  12 x   0.070862 -0.002528  0.023612  0.311365 -0.012222  0.044971
  12 y   0.070862 -0.002528  0.023612  0.311365 -0.012222  0.044971
  12 z   0.070862 -0.002528  0.023612  0.311365 -0.012222  0.044971
  13 x  -0.153875  0.005617 -0.044647  0.051554 -0.002423 -0.013563
  13 y  -0.153875  0.005617 -0.044647  0.051554 -0.002423 -0.013563
  13 z  -0.153875  0.005617 -0.044647  0.051554 -0.002423 -0.013563
  14 x   0.061282  0.002905 -0.070594 -0.344265  0.007622 -0.105962
  14 y   0.061282  0.002905 -0.070594 -0.344265  0.007622 -0.105962
  14 z   0.061282  0.002905 -0.070594 -0.344265  0.007622 -0.105962
  15 x  -0.003344  0.067635  0.005854  0.032806 -0.048853  0.011631
  15 y  -0.003344  0.067635  0.005854  0.032806 -0.048853  0.011631
  15 z  -0.003344  0.067635  0.005854  0.032806 -0.048853  0.011631
  16 x   0.006995  0.082920 -0.000720  0.004495  0.189583 -0.003668
  16 y   0.006995  0.082920 -0.000720  0.004495  0.189583 -0.003668
  16 z   0.006995  0.082920 -0.000720  0.004495  0.189583 -0.003668
  17 x  -0.123311  0.006973 -0.030106  0.121924  0.000326  0.002594
  17 y  -0.123311  0.006973 -0.030106  0.121924  0.000326  0.002594
  17 z  -0.123311  0.006973 -0.030106  0.121924  0.000326  0.002594
  18 x  -0.007476  0.009800 -0.117788 -0.320263 -0.064266 -0.140411
  18 y  -0.007476  0.009800 -0.117788 -0.320263 -0.064266 -0.140411
  18 z  -0.007476  0.009800 -0.117788 -0.320263 -0.064266 -0.140411

 mode         7         8         9        10        11        12
 freq.    347.3     347.3     492.4     492.4     511.0     579.9  

   1 x   0.050793  0.004963 -0.205971  0.024234  0.016337  0.170413
   1 y   0.050793  0.004963 -0.205971  0.024234  0.016337  0.170413
   1 z   0.050793  0.004963 -0.205971  0.024234  0.016337  0.170413
   2 x  -0.016510  0.036275  0.072714 -0.023068  0.041605  0.141445
   2 y  -0.016510  0.036275  0.072714 -0.023068  0.041605  0.141445
   2 z  -0.016510  0.036275  0.072714 -0.023068  0.041605  0.141445
   3 x  -0.008149 -0.184775  0.005084 -0.155221  0.097642 -0.016983
   3 y  -0.008149 -0.184775  0.005084 -0.155221  0.097642 -0.016983
   3 z  -0.008149 -0.184775  0.005084 -0.155221  0.097642 -0.016983
   4 x   0.193580  0.014606 -0.133669  0.193580  0.014607 -0.133676
   4 y   0.193580  0.014606 -0.133669  0.193580  0.014607 -0.133676
   4 z   0.193580  0.014606 -0.133669  0.193580  0.014607 -0.133676
   5 x  -0.050002  0.225325 -0.047782 -0.050006  0.225332 -0.047774
   5 y  -0.050002  0.225325 -0.047782 -0.050006  0.225332 -0.047774
   5 z  -0.050002  0.225325 -0.047782 -0.050006  0.225332 -0.047774
   6 x  -0.124830 -0.067601 -0.188146 -0.124825 -0.067608 -0.188169
   6 y  -0.124830 -0.067601 -0.188146 -0.124825 -0.067608 -0.188169
   6 z  -0.124830 -0.067601 -0.188146 -0.124825 -0.067608 -0.188169
   7 x   0.057289  0.010658 -0.129514 -0.041250  0.039642  0.029465
   7 y   0.057289  0.010658 -0.129514 -0.041250  0.039642  0.029465
   7 z   0.057289  0.010658 -0.129514 -0.041250  0.039642  0.029465
   8 x  -0.014217  0.054703  0.036533 -0.028289 -0.036861 -0.135642
   8 y  -0.014217  0.054703  0.036533 -0.028289 -0.036861 -0.135642
   8 z  -0.014217  0.054703  0.036533 -0.028289 -0.036861 -0.135642
   9 x   0.193039  0.053421  0.061143 -0.100953  0.060369 -0.007193
   9 y   0.193039  0.053421  0.061143 -0.100953  0.060369 -0.007193
   9 z   0.193039  0.053421  0.061143 -0.100953  0.060369 -0.007193
  10 x  -0.109267  0.105165 -0.039028 -0.123414 -0.190737  0.053652
  10 y  -0.109267  0.105165 -0.039028 -0.123414 -0.190737  0.053652
  10 z  -0.109267  0.105165 -0.039028 -0.123414 -0.190737  0.053652
  11 x  -0.067487  0.004057  0.064524  0.029222  0.054833  0.069812
  11 y  -0.067487  0.004057  0.064524  0.029222  0.054833  0.069812
  11 z  -0.067487  0.004057  0.064524  0.029222  0.054833  0.069812
  12 x   0.070866 -0.002528  0.023609 -0.039923 -0.060696  0.017549
  12 y   0.070866 -0.002528  0.023609 -0.039923 -0.060696  0.017549
  12 z   0.070866 -0.002528  0.023609 -0.039923 -0.060696  0.017549
  13 x   0.153873 -0.005617  0.044647 -0.086016 -0.131548  0.031545
  13 y   0.153873 -0.005617  0.044647 -0.086016 -0.131548  0.031545
  13 z   0.153873 -0.005617  0.044647 -0.086016 -0.131548  0.031545
  14 x  -0.061279 -0.002905  0.070593  0.041580 -0.053265 -0.026846
  14 y  -0.061279 -0.002905  0.070593  0.041580 -0.053265 -0.026846
  14 z  -0.061279 -0.002905  0.070593  0.041580 -0.053265 -0.026846
  15 x   0.003344 -0.067633 -0.005854  0.046473  0.030216  0.070773
  15 y   0.003344 -0.067633 -0.005854  0.046473  0.030216  0.070773
  15 z   0.003344 -0.067633 -0.005854  0.046473  0.030216  0.070773
  16 x   0.006995  0.082921 -0.000720 -0.095012 -0.066397  0.013733
  16 y   0.006995  0.082921 -0.000720 -0.095012 -0.066397  0.013733
  16 z   0.006995  0.082921 -0.000720 -0.095012 -0.066397  0.013733
  17 x  -0.123312  0.006973 -0.030104  0.023772 -0.093116  0.015032
  17 y  -0.123312  0.006973 -0.030104  0.023772 -0.093116  0.015032
  17 z  -0.123312  0.006973 -0.030104  0.023772 -0.093116  0.015032
  18 x  -0.007477  0.009799 -0.117789  0.008596 -0.021875  0.092710
  18 y  -0.007477  0.009799 -0.117789  0.008596 -0.021875  0.092710
  18 z  -0.007477  0.009799 -0.117789  0.008596 -0.021875  0.092710

 mode        13        14        15        16        17        18
 freq.    869.1     870.3     870.3     919.6     919.6    1020.1  

   1 x  -0.036325 -0.013403 -0.042158 -0.199834 -0.064283 -0.050286
   1 y  -0.036325 -0.013403 -0.042158 -0.199834 -0.064283 -0.050286
   1 z  -0.036325 -0.013403 -0.042158 -0.199834 -0.064283 -0.050286
   2 x  -0.005080 -0.033618  0.218860  0.046221 -0.197470  0.217215
   2 y  -0.005080 -0.033618  0.218860  0.046221 -0.197470  0.217215
   2 z  -0.005080 -0.033618  0.218860  0.046221 -0.197470  0.217215
   3 x  -0.162428 -0.084860 -0.011885 -0.154644 -0.078162 -0.011398
   3 y  -0.162428 -0.084860 -0.011885 -0.154644 -0.078162 -0.011398
   3 z  -0.162428 -0.084860 -0.011885 -0.154644 -0.078162 -0.011398
   4 x   0.193581  0.014606 -0.133671  0.193585  0.014607 -0.133671
   4 y   0.193581  0.014606 -0.133671  0.193585  0.014607 -0.133671
   4 z   0.193581  0.014606 -0.133671  0.193585  0.014607 -0.133671
   5 x  -0.050005  0.225321 -0.047768 -0.050001  0.225306 -0.047768
   5 y  -0.050005  0.225321 -0.047768 -0.050001  0.225306 -0.047768
   5 z  -0.050005  0.225321 -0.047768 -0.050001  0.225306 -0.047768
   6 x  -0.124821 -0.067601 -0.188157 -0.124812 -0.067598 -0.188156
   6 y  -0.124821 -0.067601 -0.188157 -0.124812 -0.067598 -0.188156
   6 z  -0.124821 -0.067601 -0.188157 -0.124812 -0.067598 -0.188156
   7 x  -0.023906 -0.047659  0.099470 -0.004810 -0.269233  0.096170
   7 y  -0.023906 -0.047659  0.099470 -0.004810 -0.269233  0.096170
   7 z  -0.023906 -0.047659  0.099470 -0.004810 -0.269233  0.096170
   8 x   0.045156 -0.009958  0.099112  0.215979 -0.142365  0.104289
   8 y   0.045156 -0.009958  0.099112  0.215979 -0.142365  0.104289
   8 z   0.045156 -0.009958  0.099112  0.215979 -0.142365  0.104289
   9 x  -0.043724  0.202629  0.043045 -0.096199  0.365944  0.040620
   9 y  -0.043724  0.202629  0.043045 -0.096199  0.365944  0.040620
   9 z  -0.043724  0.202629  0.043045 -0.096199  0.365944  0.040620
  10 x  -0.143818  0.050630  0.017539 -0.234003  0.110007  0.012855
  10 y  -0.143818  0.050630  0.017539 -0.234003  0.110007  0.012855
  10 z  -0.143818  0.050630  0.017539 -0.234003  0.110007  0.012855
  11 x  -0.024636  0.054412 -0.071883 -0.132990  0.261190 -0.075716
  11 y  -0.024636  0.054412 -0.071883 -0.132990  0.261190 -0.075716
  11 z  -0.024636  0.054412 -0.071883 -0.132990  0.261190 -0.075716
  12 x  -0.034666  0.064446  0.015180 -0.146659  0.278460  0.008376
  12 y  -0.034666  0.064446  0.015180 -0.146659  0.278460  0.008376
  12 z  -0.034666  0.064446  0.015180 -0.146659  0.278460  0.008376
  13 x   0.074643 -0.139395 -0.026405 -0.022231  0.044356 -0.019475
  13 y   0.074643 -0.139395 -0.026405 -0.022231  0.044356 -0.019475
  13 z   0.074643 -0.139395 -0.026405 -0.022231  0.044356 -0.019475
  14 x  -0.036137 -0.053827  0.042601 -0.064063  0.201506  0.040178
  14 y  -0.036137 -0.053827  0.042601 -0.064063  0.201506  0.040178
  14 z  -0.036137 -0.053827  0.042601 -0.064063  0.201506  0.040178
  15 x   0.052183 -0.020946  0.064721 -0.161338  0.241598  0.051797
  15 y   0.052183 -0.020946  0.064721 -0.161338  0.241598  0.051797
  15 z   0.052183 -0.020946  0.064721 -0.161338  0.241598  0.051797
  16 x   0.087157 -0.079662 -0.011698  0.030529  0.136613 -0.005755
  16 y   0.087157 -0.079662 -0.011698  0.030529  0.136613 -0.005755
  16 z   0.087157 -0.079662 -0.011698  0.030529  0.136613 -0.005755
  17 x   0.036525  0.086913  0.010890  0.174192  0.026333  0.013538
  17 y   0.036525  0.086913  0.010890  0.174192  0.026333  0.013538
  17 z   0.036525  0.086913  0.010890  0.174192  0.026333  0.013538
  18 x   0.029370  0.020697  0.026906 -0.243332 -0.046448  0.011110
  18 y   0.029370  0.020697  0.026906 -0.243332 -0.046448  0.011110
  18 z   0.029370  0.020697  0.026906 -0.243332 -0.046448  0.011110

 mode        19        20        21        22        23        24
 freq.   1020.1    1071.6    1071.9    1071.9    1088.1    1198.7  

   1 x  -0.024237 -0.016343 -0.170429 -0.188223 -0.067110 -0.173509
   1 y  -0.024237 -0.016343 -0.170429 -0.188223 -0.067110 -0.173509
   1 z  -0.024237 -0.016343 -0.170429 -0.188223 -0.067110 -0.173509
   2 x   0.023071 -0.041630 -0.141440  0.073263 -0.205166 -0.128906
   2 y   0.023071 -0.041630 -0.141440  0.073263 -0.205166 -0.128906
   2 z   0.023071 -0.041630 -0.141440  0.073263 -0.205166 -0.128906
   3 x   0.155217 -0.097651  0.016980  0.150501 -0.090450  0.016331
   3 y   0.155217 -0.097651  0.016980  0.150501 -0.090450  0.016331
   3 z   0.155217 -0.097651  0.016980  0.150501 -0.090450  0.016331
   4 x   0.193583  0.014606 -0.133670  0.193586  0.014607 -0.133670
   4 y   0.193583  0.014606 -0.133670  0.193586  0.014607 -0.133670
   4 z   0.193583  0.014606 -0.133670  0.193586  0.014607 -0.133670
   5 x  -0.049995  0.225320 -0.047801 -0.049992  0.225305 -0.047800
   5 y  -0.049995  0.225320 -0.047801 -0.049992  0.225305 -0.047800
   5 z  -0.049995  0.225320 -0.047801 -0.049992  0.225305 -0.047800
   6 x  -0.124829 -0.067601 -0.188147 -0.124820 -0.067597 -0.188147
   6 y  -0.124829 -0.067601 -0.188147 -0.124820 -0.067597 -0.188147
   6 z  -0.124829 -0.067601 -0.188147 -0.124820 -0.067597 -0.188147
   7 x  -0.041251  0.039643  0.029464 -0.106672  0.161391  0.019394
   7 y  -0.041251  0.039643  0.029464 -0.106672  0.161391  0.019394
   7 z  -0.041251  0.039643  0.029464 -0.106672  0.161391  0.019394
   8 x  -0.028290 -0.036862 -0.135640 -0.201531 -0.253562 -0.129765
   8 y  -0.028290 -0.036862 -0.135640 -0.201531 -0.253562 -0.129765
   8 z  -0.028290 -0.036862 -0.135640 -0.201531 -0.253562 -0.129765
   9 x   0.100952 -0.060368  0.007193  0.152962 -0.090220  0.011208
   9 y   0.100952 -0.060368  0.007193  0.152962 -0.090220  0.011208
   9 z   0.100952 -0.060368  0.007193  0.152962 -0.090220  0.011208
  10 x   0.123414  0.190736 -0.053655  0.226588  0.354597 -0.055657
  10 y   0.123414  0.190736 -0.053655  0.226588  0.354597 -0.055657
  10 z   0.123414  0.190736 -0.053655  0.226588  0.354597 -0.055657
  11 x  -0.029223 -0.054837 -0.069812 -0.154532 -0.251804 -0.065992
  11 y  -0.029223 -0.054837 -0.069812 -0.154532 -0.251804 -0.065992
  11 z  -0.029223 -0.054837 -0.069812 -0.154532 -0.251804 -0.065992
  12 x  -0.039921 -0.060693  0.017553 -0.169466 -0.264674  0.018671
  12 y  -0.039921 -0.060693  0.017553 -0.169466 -0.264674  0.018671
  12 z  -0.039921 -0.060693  0.017553 -0.169466 -0.264674  0.018671
  13 x   0.086017  0.131549 -0.031545 -0.025889 -0.043026 -0.017822
  13 y   0.086017  0.131549 -0.031545 -0.025889 -0.043026 -0.017822
  13 z   0.086017  0.131549 -0.031545 -0.025889 -0.043026 -0.017822
  14 x  -0.041581  0.053267  0.026847 -0.042790 -0.144758  0.034560
  14 y  -0.041581  0.053267  0.026847 -0.042790 -0.144758  0.034560
  14 z  -0.041581  0.053267  0.026847 -0.042790 -0.144758  0.034560
  15 x  -0.046474 -0.030217 -0.070774  0.193425  0.259341 -0.068961
  15 y  -0.046474 -0.030217 -0.070774  0.193425  0.259341 -0.068961
  15 z  -0.046474 -0.030217 -0.070774  0.193425  0.259341 -0.068961
  16 x  -0.095011 -0.066396  0.013734 -0.028669  0.140876 -0.000307
  16 y  -0.095011 -0.066396  0.013734 -0.028669  0.140876 -0.000307
  16 z  -0.095011 -0.066396  0.013734 -0.028669  0.140876 -0.000307
  17 x   0.023772 -0.093115  0.015033  0.170040 -0.032359  0.014808
  17 y   0.023772 -0.093115  0.015033  0.170040 -0.032359  0.014808
  17 z   0.023772 -0.093115  0.015033  0.170040 -0.032359  0.014808
  18 x   0.008598 -0.021875  0.092710 -0.278573 -0.127409  0.078803
  18 y   0.008598 -0.021875  0.092710 -0.278573 -0.127409  0.078803
  18 z   0.008598 -0.021875  0.092710 -0.278573 -0.127409  0.078803

 mode        25        26        27        28        29        30
 freq.   1240.0    1263.6    1263.6    1297.9    1342.5    1342.5  

   1 x   0.036322  0.013398  0.042142  0.005086 -0.017189 -0.360745
   1 y   0.036322  0.013398  0.042142  0.005086 -0.017189 -0.360745
   1 z   0.036322  0.013398  0.042142  0.005086 -0.017189 -0.360745
   2 x   0.005084  0.033593 -0.218856 -0.002913 -0.020105  0.129114
   2 y   0.005084  0.033593 -0.218856 -0.002913 -0.020105  0.129114
   2 z   0.005084  0.033593 -0.218856 -0.002913 -0.020105  0.129114
   3 x   0.162425  0.084851  0.011882 -0.013380 -0.317538  0.008794
   3 y   0.162425  0.084851  0.011882 -0.013380 -0.317538  0.008794
   3 z   0.162425  0.084851  0.011882 -0.013380 -0.317538  0.008794
   4 x   0.193581  0.014607 -0.133675  0.193581  0.014605 -0.133665
   4 y   0.193581  0.014607 -0.133675  0.193581  0.014605 -0.133665
   4 z   0.193581  0.014607 -0.133675  0.193581  0.014605 -0.133665
   5 x  -0.049996  0.225331 -0.047807 -0.050001  0.225317 -0.047778
   5 y  -0.049996  0.225331 -0.047807 -0.050001  0.225317 -0.047778
   5 z  -0.049996  0.225331 -0.047807 -0.050001  0.225317 -0.047778
   6 x  -0.124833 -0.067607 -0.188159 -0.124827 -0.067596 -0.188138
   6 y  -0.124833 -0.067607 -0.188159 -0.124827 -0.067596 -0.188138
   6 z  -0.124833 -0.067607 -0.188159 -0.124827 -0.067596 -0.188138
   7 x  -0.023906 -0.047657  0.099472 -0.009559  0.007944 -0.367488
   7 y  -0.023906 -0.047657  0.099472 -0.009559  0.007944 -0.367488
   7 z  -0.023906 -0.047657  0.099472 -0.009559  0.007944 -0.367488
   8 x   0.045155 -0.009957  0.099112  0.005047  0.051731  0.105744
   8 y   0.045155 -0.009957  0.099112  0.005047  0.051731  0.105744
   8 z   0.045155 -0.009957  0.099112  0.005047  0.051731  0.105744
   9 x   0.043724 -0.202630 -0.043042  0.136408 -0.018095 -0.141744
   9 y   0.043724 -0.202630 -0.043042  0.136408 -0.018095 -0.141744
   9 z   0.043724 -0.202630 -0.043042  0.136408 -0.018095 -0.141744
  10 x   0.143819 -0.050630 -0.017538 -0.082199 -0.011185  0.084873
  10 y   0.143819 -0.050630 -0.017538 -0.082199 -0.011185  0.084873
  10 z   0.143819 -0.050630 -0.017538 -0.082199 -0.011185  0.084873
  11 x   0.024634 -0.054408  0.071883 -0.015988  0.005542  0.256920
  11 y   0.024634 -0.054408  0.071883 -0.015988  0.005542  0.256920
  11 z   0.024634 -0.054408  0.071883 -0.015988  0.005542  0.256920
  12 x  -0.034668  0.064449  0.015177 -0.002184 -0.004626 -0.248864
  12 y  -0.034668  0.064449  0.015177 -0.002184 -0.004626 -0.248864
  12 z  -0.034668  0.064449  0.015177 -0.002184 -0.004626 -0.248864
  13 x  -0.074642  0.139394  0.026405  0.219205 -0.003516  0.300182
  13 y  -0.074642  0.139394  0.026405  0.219205 -0.003516  0.300182
  13 z  -0.074642  0.139394  0.026405  0.219205 -0.003516  0.300182
  14 x   0.036136  0.053825 -0.042600 -0.188715 -0.003810 -0.383525
  14 y   0.036136  0.053825 -0.042600 -0.188715 -0.003810 -0.383525
  14 z   0.036136  0.053825 -0.042600 -0.188715 -0.003810 -0.383525
  15 x  -0.052182  0.020945 -0.064720  0.017219 -0.044090  0.039636
  15 y  -0.052182  0.020945 -0.064720  0.017219 -0.044090  0.039636
  15 z  -0.052182  0.020945 -0.064720  0.017219 -0.044090  0.039636
  16 x   0.087158 -0.079663 -0.011697  0.021454  0.388265  0.000436
  16 y   0.087158 -0.079663 -0.011697  0.021454  0.388265  0.000436
  16 z   0.087158 -0.079663 -0.011697  0.021454  0.388265  0.000436
  17 x   0.036525  0.086914  0.010890 -0.180637  0.013441 -0.274556
  17 y   0.036525  0.086914  0.010890 -0.180637  0.013441 -0.274556
  17 z   0.036525  0.086914  0.010890 -0.180637  0.013441 -0.274556
  18 x   0.029368  0.020696  0.026906  0.099117  0.067064  0.247517
  18 y   0.029368  0.020696  0.026906  0.099117  0.067064  0.247517
  18 z   0.029368  0.020696  0.026906  0.099117  0.067064  0.247517

 mode        31        32        33        34        35        36
 freq.   1417.3    1422.8    1436.1    1436.1    1460.2    1460.2  

   1 x  -0.040799  0.002461  0.289514 -0.019915 -0.002617  0.067907
   1 y  -0.040799  0.002461  0.289514 -0.019915 -0.002617  0.067907
   1 z  -0.040799  0.002461  0.289514 -0.019915 -0.002617  0.067907
   2 x  -0.014243 -0.010896  0.247857  0.034394 -0.024738 -0.374615
   2 y  -0.014243 -0.010896  0.247857  0.034394 -0.024738 -0.374615
   2 z  -0.014243 -0.010896  0.247857  0.034394 -0.024738 -0.374615
   3 x  -0.267466  0.170377 -0.029330  0.281310  0.148279  0.020538
   3 y  -0.267466  0.170377 -0.029330  0.281310  0.148279  0.020538
   3 z  -0.267466  0.170377 -0.029330  0.281310  0.148279  0.020538
   4 x   0.193581  0.014607 -0.133678  0.193583  0.014607 -0.133676
   4 y   0.193581  0.014607 -0.133678  0.193583  0.014607 -0.133676
   4 z   0.193581  0.014607 -0.133678  0.193583  0.014607 -0.133676
   5 x  -0.050008  0.225329 -0.047764 -0.049991  0.225327 -0.047821
   5 y  -0.050008  0.225329 -0.047764 -0.049991  0.225327 -0.047821
   5 z  -0.050008  0.225329 -0.047764 -0.049991  0.225327 -0.047821
   6 x  -0.124819 -0.067608 -0.188176 -0.124832 -0.067607 -0.188160
   6 y  -0.124819 -0.067608 -0.188176 -0.124832 -0.067607 -0.188160
   6 z  -0.124819 -0.067608 -0.188176 -0.124832 -0.067607 -0.188160
   7 x  -0.053060  0.021723  0.087102 -0.061877  0.012156  0.271249
   7 y  -0.053060  0.021723  0.087102 -0.061877  0.012156  0.271249
   7 z  -0.053060  0.021723  0.087102 -0.061877  0.012156  0.271249
   8 x   0.032560  0.027991 -0.369280  0.004314  0.045076  0.263596
   8 y   0.032560  0.027991 -0.369280  0.004314  0.045076  0.263596
   8 z   0.032560  0.027991 -0.369280  0.004314  0.045076  0.263596
   9 x   0.014982 -0.011872 -0.001173  0.057803 -0.106878  0.159713
   9 y   0.014982 -0.011872 -0.001173  0.057803 -0.106878  0.159713
   9 z   0.014982 -0.011872 -0.001173  0.057803 -0.106878  0.159713
  10 x  -0.067860 -0.128801 -0.177618  0.013181 -0.069810  0.088260
  10 y  -0.067860 -0.128801 -0.177618  0.013181 -0.069810  0.088260
  10 z  -0.067860 -0.128801 -0.177618  0.013181 -0.069810  0.088260
  11 x  -0.017511  0.004742  0.256837 -0.017439  0.006462  0.256803
  11 y  -0.017511  0.004742  0.256837 -0.017439  0.006462  0.256803
  11 z  -0.017511  0.004742  0.256837 -0.017439  0.006462  0.256803
  12 x   0.026323  0.010342 -0.247305  0.024971 -0.021860 -0.246694
  12 y   0.026323  0.010342 -0.247305  0.024971 -0.021860 -0.246694
  12 z   0.026323  0.010342 -0.247305  0.024971 -0.021860 -0.246694
  13 x  -0.146428 -0.195453  0.280083 -0.129096  0.217502  0.272275
  13 y  -0.146428 -0.195453  0.280083 -0.129096  0.217502  0.272275
  13 z  -0.146428 -0.195453  0.280083 -0.129096  0.217502  0.272275
  14 x  -0.023165 -0.092725  0.153568 -0.040588  0.132560  0.212552
  14 y  -0.023165 -0.092725  0.153568 -0.040588  0.132560  0.212552
  14 z  -0.023165 -0.092725  0.153568 -0.040588  0.132560  0.212552
  15 x   0.142411  0.148348 -0.334020 -0.123312  0.148748  0.291264
  15 y   0.142411  0.148348 -0.334020 -0.123312  0.148748  0.291264
  15 z   0.142411  0.148348 -0.334020 -0.123312  0.148748  0.291264
  16 x  -0.277138 -0.029315  0.205763  0.259559 -0.074255 -0.212129
  16 y  -0.277138 -0.029315  0.205763  0.259559 -0.074255 -0.212129
  16 z  -0.277138 -0.029315  0.205763  0.259559 -0.074255 -0.212129
  17 x   0.214075 -0.262241  0.157468  0.250695  0.245324  0.135944
  17 y   0.214075 -0.262241  0.157468  0.250695  0.245324  0.135944
  17 z   0.214075 -0.262241  0.157468  0.250695  0.245324  0.135944
  18 x   0.180063 -0.006038 -0.177764  0.199953  0.074450 -0.041021
  18 y   0.180063 -0.006038 -0.177764  0.199953  0.074450 -0.041021
  18 z   0.180063 -0.006038 -0.177764  0.199953  0.074450 -0.041021

 mode        37        38        39        40        41        42
 freq.   1493.4    1520.0    1520.0    1539.4    1552.7    1552.7  

   1 x  -0.005088  0.017184  0.360734  0.213732  0.056176 -0.188080
   1 y  -0.005088  0.017184  0.360734  0.213732  0.056176 -0.188080
   1 z  -0.005088  0.017184  0.360734  0.213732  0.056176 -0.188080
   2 x   0.002916  0.020081 -0.129111 -0.066961  0.200018  0.062885
   2 y   0.002916  0.020081 -0.129111 -0.066961  0.200018  0.062885
   2 z   0.002916  0.020081 -0.129111 -0.066961  0.200018  0.062885
   3 x   0.013377  0.317530 -0.008797 -0.009221 -0.180862  0.004865
   3 y   0.013377  0.317530 -0.008797 -0.009221 -0.180862  0.004865
   3 z   0.013377  0.317530 -0.008797 -0.009221 -0.180862  0.004865
   4 x   0.193582  0.014608 -0.133681  0.193577  0.014605 -0.133669
   4 y   0.193582  0.014608 -0.133681  0.193577  0.014605 -0.133669
   4 z   0.193582  0.014608 -0.133681  0.193577  0.014605 -0.133669
   5 x  -0.050000  0.225335 -0.047797 -0.050006  0.225341 -0.047783
   5 y  -0.050000  0.225335 -0.047797 -0.050006  0.225341 -0.047783
   5 z  -0.050000  0.225335 -0.047797 -0.050006  0.225341 -0.047783
   6 x  -0.124827 -0.067612 -0.188178 -0.124839 -0.067605 -0.188147
   6 y  -0.124827 -0.067612 -0.188178 -0.124839 -0.067605 -0.188147
   6 z  -0.124827 -0.067612 -0.188178 -0.124839 -0.067605 -0.188147
   7 x  -0.009560  0.007944 -0.367492  0.329629  0.034553 -0.099553
   7 y  -0.009560  0.007944 -0.367492  0.329629  0.034553 -0.099553
   7 z  -0.009560  0.007944 -0.367492  0.329629  0.034553 -0.099553
   8 x   0.005047  0.051731  0.105744 -0.087905  0.177240  0.025374
   8 y   0.005047  0.051731  0.105744 -0.087905  0.177240  0.025374
   8 z   0.005047  0.051731  0.105744 -0.087905  0.177240  0.025374
   9 x  -0.136407  0.018095  0.141738  0.359838  0.077473  0.076168
   9 y  -0.136407  0.018095  0.141738  0.359838  0.077473  0.076168
   9 z  -0.136407  0.018095  0.141738  0.359838  0.077473  0.076168
  10 x   0.082199  0.011187 -0.084870 -0.205719  0.160664 -0.049304
  10 y   0.082199  0.011187 -0.084870 -0.205719  0.160664 -0.049304
  10 z   0.082199  0.011187 -0.084870 -0.205719  0.160664 -0.049304
  11 x   0.015987 -0.005542 -0.256932 -0.299594  0.013360  0.041155
  11 y   0.015987 -0.005542 -0.256932 -0.299594  0.013360  0.041155
  11 z   0.015987 -0.005542 -0.256932 -0.299594  0.013360  0.041155
  12 x  -0.002187 -0.004625 -0.248853  0.311378 -0.012223  0.044969
  12 y  -0.002187 -0.004625 -0.248853  0.311378 -0.012223  0.044969
  12 z  -0.002187 -0.004625 -0.248853  0.311378 -0.012223  0.044969
  13 x  -0.219208  0.003516 -0.300181 -0.051557  0.002424  0.013563
  13 y  -0.219208  0.003516 -0.300181 -0.051557  0.002424  0.013563
  13 z  -0.219208  0.003516 -0.300181 -0.051557  0.002424  0.013563
  14 x   0.188722  0.003809  0.383531  0.344261 -0.007622  0.105961
  14 y   0.188722  0.003809  0.383531  0.344261 -0.007622  0.105961
  14 z   0.188722  0.003809  0.383531  0.344261 -0.007622  0.105961
  15 x  -0.017220  0.044093 -0.039637 -0.032806  0.048858 -0.011631
  15 y  -0.017220  0.044093 -0.039637 -0.032806  0.048858 -0.011631
  15 z  -0.017220  0.044093 -0.039637 -0.032806  0.048858 -0.011631
  16 x   0.021454  0.388273  0.000436  0.004496  0.189578 -0.003668
  16 y   0.021454  0.388273  0.000436  0.004496  0.189578 -0.003668
  16 z   0.021454  0.388273  0.000436  0.004496  0.189578 -0.003668
  17 x  -0.180632  0.013442 -0.274542  0.121936  0.000324  0.002597
  17 y  -0.180632  0.013442 -0.274542  0.121936  0.000324  0.002597
  17 z  -0.180632  0.013442 -0.274542  0.121936  0.000324  0.002597
  18 x   0.099118  0.067067  0.247514 -0.320268 -0.064265 -0.140413
  18 y   0.099118  0.067067  0.247514 -0.320268 -0.064265 -0.140413
  18 z   0.099118  0.067067  0.247514 -0.320268 -0.064265 -0.140413

 mode        43        44        45        46        47        48
 freq.   3090.5    3093.0    3093.0    3101.6    3101.6    3107.4  

   1 x   0.188219  0.067102  0.173493  0.019912  0.002611 -0.067924
   1 y   0.188219  0.067102  0.173493  0.019912  0.002611 -0.067924
   1 z   0.188219  0.067102  0.173493  0.019912  0.002611 -0.067924
   2 x  -0.073260  0.205140  0.128911 -0.034391  0.024714  0.374622
   2 y  -0.073260  0.205140  0.128911 -0.034391  0.024714  0.374622
   2 z  -0.073260  0.205140  0.128911 -0.034391  0.024714  0.374622
   3 x  -0.150505  0.090441 -0.016334 -0.281315 -0.148289 -0.020541
   3 y  -0.150505  0.090441 -0.016334 -0.281315 -0.148289 -0.020541
   3 z  -0.150505  0.090441 -0.016334 -0.281315 -0.148289 -0.020541
   4 x   0.193576  0.014607 -0.133676  0.193579  0.014606 -0.133670
   4 y   0.193576  0.014607 -0.133676  0.193579  0.014606 -0.133670
   4 z   0.193576  0.014607 -0.133676  0.193579  0.014606 -0.133670
   5 x  -0.050010  0.225347 -0.047775 -0.050010  0.225325 -0.047754
   5 y  -0.050010  0.225347 -0.047775 -0.050010  0.225325 -0.047754
   5 z  -0.050010  0.225347 -0.047775 -0.050010  0.225325 -0.047754
   6 x  -0.124834 -0.067612 -0.188169 -0.124822 -0.067601 -0.188156
   6 y  -0.124834 -0.067612 -0.188169 -0.124822 -0.067601 -0.188156
   6 z  -0.124834 -0.067612 -0.188169 -0.124822 -0.067601 -0.188156
   7 x  -0.106668  0.161390  0.019396 -0.061876  0.012156  0.271250
   7 y  -0.106668  0.161390  0.019396 -0.061876  0.012156  0.271250
   7 z  -0.106668  0.161390  0.019396 -0.061876  0.012156  0.271250
   8 x  -0.201528 -0.253558 -0.129767  0.004313  0.045075  0.263599
   8 y  -0.201528 -0.253558 -0.129767  0.004313  0.045075  0.263599
   8 z  -0.201528 -0.253558 -0.129767  0.004313  0.045075  0.263599
   9 x  -0.152966  0.090222 -0.011208 -0.057805  0.106877 -0.159710
   9 y  -0.152966  0.090222 -0.011208 -0.057805  0.106877 -0.159710
   9 z  -0.152966  0.090222 -0.011208 -0.057805  0.106877 -0.159710
  10 x  -0.226590 -0.354603  0.055655 -0.013179  0.069812 -0.088259
  10 y  -0.226590 -0.354603  0.055655 -0.013179  0.069812 -0.088259
  10 z  -0.226590 -0.354603  0.055655 -0.013179  0.069812 -0.088259
  11 x   0.154524  0.251788  0.065993  0.017441 -0.006463 -0.256819
  11 y   0.154524  0.251788  0.065993  0.017441 -0.006463 -0.256819
  11 z   0.154524  0.251788  0.065993  0.017441 -0.006463 -0.256819
  12 x  -0.169473 -0.264686  0.018668  0.024970 -0.021861 -0.246684
  12 y  -0.169473 -0.264686  0.018668  0.024970 -0.021861 -0.246684
  12 z  -0.169473 -0.264686  0.018668  0.024970 -0.021861 -0.246684
  13 x   0.025890  0.043028  0.017823  0.129098 -0.217504 -0.272277
  13 y   0.025890  0.043028  0.017823  0.129098 -0.217504 -0.272277
  13 z   0.025890  0.043028  0.017823  0.129098 -0.217504 -0.272277
  14 x   0.042784  0.144761 -0.034559  0.040585 -0.132565 -0.212558
  14 y   0.042784  0.144761 -0.034559  0.040585 -0.132565 -0.212558
  14 z   0.042784  0.144761 -0.034559  0.040585 -0.132565 -0.212558
  15 x  -0.193425 -0.259340  0.068959  0.123317 -0.148751 -0.291270
  15 y  -0.193425 -0.259340  0.068959  0.123317 -0.148751 -0.291270
  15 z  -0.193425 -0.259340  0.068959  0.123317 -0.148751 -0.291270
  16 x  -0.028663  0.140882 -0.000308  0.259562 -0.074250 -0.212125
  16 y  -0.028663  0.140882 -0.000308  0.259562 -0.074250 -0.212125
  16 z  -0.028663  0.140882 -0.000308  0.259562 -0.074250 -0.212125
  17 x   0.170040 -0.032351  0.014806  0.250705  0.245327  0.135941
  17 y   0.170040 -0.032351  0.014806  0.250705  0.245327  0.135941
  17 z   0.170040 -0.032351  0.014806  0.250705  0.245327  0.135941
  18 x  -0.278576 -0.127412  0.078803  0.199964  0.074456 -0.041020
  18 y  -0.278576 -0.127412  0.078803  0.199964  0.074456 -0.041020
  18 z  -0.278576 -0.127412  0.078803  0.199964  0.074456 -0.041020

 mode        49        50        51        52        53        54
 freq.   3150.6    3150.6    3153.3    3154.2    3154.2    3159.5  

   1 x   0.040796 -0.002467 -0.289533  0.199831  0.064279  0.050269
   1 y   0.040796 -0.002467 -0.289533  0.199831  0.064279  0.050269
   1 z   0.040796 -0.002467 -0.289533  0.199831  0.064279  0.050269
   2 x   0.014246  0.010872 -0.247854 -0.046217  0.197444 -0.217211
   2 y   0.014246  0.010872 -0.247854 -0.046217  0.197444 -0.217211
   2 z   0.014246  0.010872 -0.247854 -0.046217  0.197444 -0.217211
   3 x   0.267463 -0.170387  0.029327  0.154640  0.078153  0.011395
   3 y   0.267463 -0.170387  0.029327  0.154640  0.078153  0.011395
   3 z   0.267463 -0.170387  0.029327  0.154640  0.078153  0.011395
   4 x   0.193582  0.014606 -0.133668  0.193578  0.014607 -0.133675
   4 y   0.193582  0.014606 -0.133668  0.193578  0.014607 -0.133675
   4 z   0.193582  0.014606 -0.133668  0.193578  0.014607 -0.133675
   5 x  -0.049993  0.225323 -0.047811 -0.050000  0.225346 -0.047807
   5 y  -0.049993  0.225323 -0.047811 -0.050000  0.225346 -0.047807
   5 z  -0.049993  0.225323 -0.047811 -0.050000  0.225346 -0.047807
   6 x  -0.124835 -0.067600 -0.188140 -0.124842 -0.067611 -0.188160
   6 y  -0.124835 -0.067600 -0.188140 -0.124842 -0.067611 -0.188160
   6 z  -0.124835 -0.067600 -0.188140 -0.124842 -0.067611 -0.188160
   7 x  -0.053059  0.021723  0.087100 -0.004808 -0.269231  0.096173
   7 y  -0.053059  0.021723  0.087100 -0.004808 -0.269231  0.096173
   7 z  -0.053059  0.021723  0.087100 -0.004808 -0.269231  0.096173
   8 x   0.032561  0.027991 -0.369283  0.215976 -0.142364  0.104290
   8 y   0.032561  0.027991 -0.369283  0.215976 -0.142364  0.104290
   8 z   0.032561  0.027991 -0.369283  0.215976 -0.142364  0.104290
   9 x  -0.014984  0.011873  0.001173  0.096198 -0.365949 -0.040617
   9 y  -0.014984  0.011873  0.001173  0.096198 -0.365949 -0.040617
   9 z  -0.014984  0.011873  0.001173  0.096198 -0.365949 -0.040617
  10 x   0.067860  0.128801  0.177612  0.234006 -0.110007 -0.012853
  10 y   0.067860  0.128801  0.177612  0.234006 -0.110007 -0.012853
  10 z   0.067860  0.128801  0.177612  0.234006 -0.110007 -0.012853
  11 x   0.017513 -0.004742 -0.256852  0.132983 -0.261174  0.075717
  11 y   0.017513 -0.004742 -0.256852  0.132983 -0.261174  0.075717
  11 z   0.017513 -0.004742 -0.256852  0.132983 -0.261174  0.075717
  12 x   0.026322  0.010343 -0.247295 -0.146666  0.278475  0.008371
  12 y   0.026322  0.010343 -0.247295 -0.146666  0.278475  0.008371
  12 z   0.026322  0.010343 -0.247295 -0.146666  0.278475  0.008371
  13 x   0.146430  0.195454 -0.280085  0.022232 -0.044358  0.019475
  13 y   0.146430  0.195454 -0.280085  0.022232 -0.044358  0.019475
  13 z   0.146430  0.195454 -0.280085  0.022232 -0.044358  0.019475
  14 x   0.023163  0.092730 -0.153572  0.064057 -0.201509 -0.040177
  14 y   0.023163  0.092730 -0.153572  0.064057 -0.201509 -0.040177
  14 z   0.023163  0.092730 -0.153572  0.064057 -0.201509 -0.040177
  15 x  -0.142414 -0.148350  0.334026  0.161341 -0.241597 -0.051795
  15 y  -0.142414 -0.148350  0.334026  0.161341 -0.241597 -0.051795
  15 z  -0.142414 -0.148350  0.334026  0.161341 -0.241597 -0.051795
  16 x  -0.277141 -0.029310  0.205757  0.030524  0.136620 -0.005755
  16 y  -0.277141 -0.029310  0.205757  0.030524  0.136620 -0.005755
  16 z  -0.277141 -0.029310  0.205757  0.030524  0.136620 -0.005755
  17 x   0.214084 -0.262243  0.157464  0.174191  0.026326  0.013537
  17 y   0.214084 -0.262243  0.157464  0.174191  0.026326  0.013537
  17 z   0.214084 -0.262243  0.157464  0.174191  0.026326  0.013537
  18 x   0.180071 -0.006043 -0.177763 -0.243338 -0.046451  0.011109
  18 y   0.180071 -0.006043 -0.177763 -0.243338 -0.046451  0.011109
  18 z   0.180071 -0.006043 -0.177763 -0.243338 -0.046451  0.011109

